<?xml version="1.0" encoding="UTF-8"?>
<robot generator="Robot 6.1.1 (Python 3.14.0 on win32)" generated="20251120 01:08:52.899" rpa="false" schemaversion="4">
<suite id="s1" name="Robot Api Test" source="D:\Projetos\robot_api_test">
<suite id="s1-s1" name="Test" source="D:\Projetos\robot_api_test\test">
<suite id="s1-s1-s1" name="BuscarPedidoVenda" source="D:\Projetos\robot_api_test\test\BuscarPedidoVenda.robot">
<test id="s1-s1-s1-t1" name="Cenário: Realizar busca de pedido de venda" line="6">
<kw name="Request Get Orders" library="get_order">
<var>${response}</var>
<arg>order_id=1</arg>
<arg>status_code=200</arg>
<kw name="Create Orders Session" library="order_session">
<var>${alias}</var>
<kw name="Set Variable" library="BuiltIn">
<var>${alias}</var>
<arg>orders</arg>
<doc>Returns the given values which can then be assigned to a variables.</doc>
<msg timestamp="20251120 01:08:53.898" level="INFO">${alias} = orders</msg>
<status status="PASS" starttime="20251120 01:08:53.897" endtime="20251120 01:08:53.898"/>
</kw>
<kw name="Create Dictionary" library="BuiltIn">
<var>${headers}</var>
<arg>user_id=user_1</arg>
<doc>Creates and returns a dictionary based on the given ``items``.</doc>
<msg timestamp="20251120 01:08:53.898" level="INFO">${headers} = {'user_id': 'user_1'}</msg>
<status status="PASS" starttime="20251120 01:08:53.898" endtime="20251120 01:08:53.898"/>
</kw>
<kw name="Create Dictionary" library="BuiltIn">
<var>${cookies}</var>
<arg>_id=1234</arg>
<doc>Creates and returns a dictionary based on the given ``items``.</doc>
<msg timestamp="20251120 01:08:53.898" level="INFO">${cookies} = {'_id': '1234'}</msg>
<status status="PASS" starttime="20251120 01:08:53.898" endtime="20251120 01:08:53.898"/>
</kw>
<kw name="Create List" library="BuiltIn">
<var>${auth}</var>
<arg>${user_data.${env}.user_email}</arg>
<arg>${user_data.${env}.password}</arg>
<doc>Returns a list containing given items.</doc>
<msg timestamp="20251120 01:08:53.899" level="INFO">${auth} = ['test_user_qa@robot.com', 'psw123qa']</msg>
<status status="PASS" starttime="20251120 01:08:53.898" endtime="20251120 01:08:53.899"/>
</kw>
<kw name="Create Session" library="RequestsLibrary">
<arg>alias=${alias}</arg>
<arg>url=${url.${env}}</arg>
<arg>disable_warnings=${True}</arg>
<arg>headers=${headers}</arg>
<arg>cookies=${cookies}</arg>
<arg>auth=${auth}</arg>
<doc>Create Session: create a HTTP session to a server</doc>
<msg timestamp="20251120 01:08:53.900" level="INFO">Creating Session using : alias=orders, url=https://jsonplaceholder.typicode.com, headers={'user_id': 'user_1'},                     cookies={'_id': '1234'}, auth=&lt;requests.auth.HTTPBasicAuth object at 0x0000022615874830&gt;, timeout=None, proxies=None, verify=False,                     debug=0 </msg>
<status status="PASS" starttime="20251120 01:08:53.899" endtime="20251120 01:08:53.900"/>
</kw>
<msg timestamp="20251120 01:08:53.900" level="INFO">${alias} = orders</msg>
<status status="PASS" starttime="20251120 01:08:53.897" endtime="20251120 01:08:53.900"/>
</kw>
<kw name="Create Dictionary" library="BuiltIn">
<var>${headers}</var>
<arg>robot=True</arg>
<doc>Creates and returns a dictionary based on the given ``items``.</doc>
<msg timestamp="20251120 01:08:53.900" level="INFO">${headers} = {'robot': 'True'}</msg>
<status status="PASS" starttime="20251120 01:08:53.900" endtime="20251120 01:08:53.900"/>
</kw>
<kw name="GET On Session" library="RequestsLibrary">
<var>${response}</var>
<arg>alias=${alias}</arg>
<arg>url=/posts/${order_id}</arg>
<arg>headers=${headers}</arg>
<arg>expected_status=${status_code}</arg>
<arg>msg=Falha ao realizar requisição GET</arg>
<doc>Sends a GET request on a previously created HTTP Session.</doc>
<msg timestamp="20251120 01:08:54.014" level="INFO">GET Request : url=https://jsonplaceholder.typicode.com/posts/1 
 path_url=/posts/1 
 headers={'User-Agent': 'python-requests/2.32.5', 'Accept-Encoding': 'gzip, deflate, zstd', 'Accept': '*/*', 'Connection': 'keep-alive', 'user_id': 'user_1', 'robot': 'True', 'Cookie': '_id=1234', 'Authorization': 'Basic dGVzdF91c2VyX3FhQHJvYm90LmNvbTpwc3cxMjNxYQ=='} 
 body=None 
 </msg>
<msg timestamp="20251120 01:08:54.014" level="INFO">GET Response : url=https://jsonplaceholder.typicode.com/posts/1 
 status=200, reason=OK 
 headers={'Date': 'Thu, 20 Nov 2025 04:08:54 GMT', 'Content-Type': 'application/json; charset=utf-8', 'Transfer-Encoding': 'chunked', 'Connection': 'keep-alive', 'access-control-allow-credentials': 'true', 'Cache-Control': 'max-age=43200', 'etag': 'W/"124-yiKdLzqO5gfBrJFrcdJ8Yq0LGnU"', 'expires': '-1', 'nel': '{"report_to":"heroku-nel","response_headers":["Via"],"max_age":3600,"success_fraction":0.01,"failure_fraction":0.1}', 'pragma': 'no-cache', 'report-to': '{"group":"heroku-nel","endpoints":[{"url":"https://nel.heroku.com/reports?s=7%2BQXL4KmQwV7urAiefSWX91rM%2FCyiaTUbYyrCD%2Bp1YE%3D\\u0026sid=e11707d5-02a7-43ef-b45e-2cf4d2036f7d\\u0026ts=1762914780"}],"max_age":3600}', 'reporting-endpoints': 'heroku-nel="https://nel.heroku.com/reports?s=7%2BQXL4KmQwV7urAiefSWX91rM%2FCyiaTUbYyrCD%2Bp1YE%3D&amp;sid=e11707d5-02a7-43ef-b45e-2cf4d2036f7d&amp;ts=1762914780"', 'Server': 'cloudflare', 'vary': 'Origin, Accept-Encoding', 'via': '2.0 heroku-router', 'x-content-type-options': 'nosniff', 'x-powered-by': 'Express', 'x-ratelimit-limit': '1000', 'x-ratelimit-remaining': '999', 'x-ratelimit-reset': '1762914828', 'Age': '3223', 'cf-cache-status': 'HIT', 'Content-Encoding': 'zstd', 'CF-RAY': '9a1516baabe2f617-FOR', 'alt-svc': 'h3=":443"; ma=86400'} 
 body={
  "userId": 1,
  "id": 1,
  "title": "sunt aut facere repellat provident occaecati excepturi optio reprehenderit",
  "body": "quia et suscipit\nsuscipit recusandae consequuntur expedita et cum\nreprehenderit molestiae ut ut quas totam\nnostrum rerum est autem sunt rem eveniet architecto"
} 
 </msg>
<msg timestamp="20251120 01:08:54.015" level="INFO">${response} = &lt;Response [200]&gt;</msg>
<status status="PASS" starttime="20251120 01:08:53.900" endtime="20251120 01:08:54.015"/>
</kw>
<msg timestamp="20251120 01:08:54.015" level="INFO">${response} = &lt;Response [200]&gt;</msg>
<status status="PASS" starttime="20251120 01:08:53.897" endtime="20251120 01:08:54.015"/>
</kw>
<kw name="Assert Get Orders" library="get_order">
<arg>response=${response}</arg>
<if>
<branch type="IF" condition="${response.status_code} == ${200}">
<kw name="Should Be Equal As Numbers" library="BuiltIn">
<arg>${response.json()['userId']}</arg>
<arg>1</arg>
<doc>Fails if objects are unequal after converting them to real numbers.</doc>
<msg timestamp="20251120 01:08:54.018" level="INFO">Argument types are:
&lt;class 'int'&gt;
&lt;class 'str'&gt;</msg>
<status status="PASS" starttime="20251120 01:08:54.017" endtime="20251120 01:08:54.018"/>
</kw>
<kw name="Should Be Equal As Numbers" library="BuiltIn">
<arg>${response.json()['id']}</arg>
<arg>1</arg>
<doc>Fails if objects are unequal after converting them to real numbers.</doc>
<msg timestamp="20251120 01:08:54.018" level="INFO">Argument types are:
&lt;class 'int'&gt;
&lt;class 'str'&gt;</msg>
<status status="PASS" starttime="20251120 01:08:54.018" endtime="20251120 01:08:54.019"/>
</kw>
<kw name="Should Be Equal As Strings" library="BuiltIn">
<arg>${response.json()['title']}</arg>
<arg>sunt aut facere repellat provident occaecati excepturi optio reprehenderit</arg>
<doc>Fails if objects are unequal after converting them to strings.</doc>
<status status="PASS" starttime="20251120 01:08:54.019" endtime="20251120 01:08:54.019"/>
</kw>
<kw name="Should Be Equal As Strings" library="BuiltIn">
<arg>${response.json()['body']}</arg>
<arg>quia et suscipit\nsuscipit recusandae consequuntur expedita et cum\nreprehenderit molestiae ut ut quas totam\nnostrum rerum est autem sunt rem eveniet architecto</arg>
<doc>Fails if objects are unequal after converting them to strings.</doc>
<status status="PASS" starttime="20251120 01:08:54.020" endtime="20251120 01:08:54.020"/>
</kw>
<status status="PASS" starttime="20251120 01:08:54.016" endtime="20251120 01:08:54.020"/>
</branch>
<branch type="ELSE IF" condition="${response.status_code} == ${404}">
<kw name="Should Be Empty" library="BuiltIn">
<arg>${response.json()}</arg>
<doc>Verifies that the given item is empty.</doc>
<status status="NOT RUN" starttime="20251120 01:08:54.020" endtime="20251120 01:08:54.020"/>
</kw>
<status status="NOT RUN" starttime="20251120 01:08:54.020" endtime="20251120 01:08:54.020"/>
</branch>
<status status="PASS" starttime="20251120 01:08:54.016" endtime="20251120 01:08:54.020"/>
</if>
<status status="PASS" starttime="20251120 01:08:54.015" endtime="20251120 01:08:54.020"/>
</kw>
<tag>get</tag>
<status status="PASS" starttime="20251120 01:08:53.897" endtime="20251120 01:08:54.021"/>
</test>
<test id="s1-s1-s1-t2" name="Cenário: Realizar busca de pedido de venda inexistente" line="15">
<kw name="Request Get Orders" library="get_order">
<var>${response}</var>
<arg>order_id=999</arg>
<arg>status_code=404</arg>
<kw name="Create Orders Session" library="order_session">
<var>${alias}</var>
<kw name="Set Variable" library="BuiltIn">
<var>${alias}</var>
<arg>orders</arg>
<doc>Returns the given values which can then be assigned to a variables.</doc>
<msg timestamp="20251120 01:08:54.023" level="INFO">${alias} = orders</msg>
<status status="PASS" starttime="20251120 01:08:54.023" endtime="20251120 01:08:54.023"/>
</kw>
<kw name="Create Dictionary" library="BuiltIn">
<var>${headers}</var>
<arg>user_id=user_1</arg>
<doc>Creates and returns a dictionary based on the given ``items``.</doc>
<msg timestamp="20251120 01:08:54.023" level="INFO">${headers} = {'user_id': 'user_1'}</msg>
<status status="PASS" starttime="20251120 01:08:54.023" endtime="20251120 01:08:54.023"/>
</kw>
<kw name="Create Dictionary" library="BuiltIn">
<var>${cookies}</var>
<arg>_id=1234</arg>
<doc>Creates and returns a dictionary based on the given ``items``.</doc>
<msg timestamp="20251120 01:08:54.023" level="INFO">${cookies} = {'_id': '1234'}</msg>
<status status="PASS" starttime="20251120 01:08:54.023" endtime="20251120 01:08:54.023"/>
</kw>
<kw name="Create List" library="BuiltIn">
<var>${auth}</var>
<arg>${user_data.${env}.user_email}</arg>
<arg>${user_data.${env}.password}</arg>
<doc>Returns a list containing given items.</doc>
<msg timestamp="20251120 01:08:54.024" level="INFO">${auth} = ['test_user_qa@robot.com', 'psw123qa']</msg>
<status status="PASS" starttime="20251120 01:08:54.023" endtime="20251120 01:08:54.024"/>
</kw>
<kw name="Create Session" library="RequestsLibrary">
<arg>alias=${alias}</arg>
<arg>url=${url.${env}}</arg>
<arg>disable_warnings=${True}</arg>
<arg>headers=${headers}</arg>
<arg>cookies=${cookies}</arg>
<arg>auth=${auth}</arg>
<doc>Create Session: create a HTTP session to a server</doc>
<msg timestamp="20251120 01:08:54.025" level="INFO">Creating Session using : alias=orders, url=https://jsonplaceholder.typicode.com, headers={'user_id': 'user_1'},                     cookies={'_id': '1234'}, auth=&lt;requests.auth.HTTPBasicAuth object at 0x0000022615840550&gt;, timeout=None, proxies=None, verify=False,                     debug=0 </msg>
<status status="PASS" starttime="20251120 01:08:54.024" endtime="20251120 01:08:54.025"/>
</kw>
<msg timestamp="20251120 01:08:54.026" level="INFO">${alias} = orders</msg>
<status status="PASS" starttime="20251120 01:08:54.022" endtime="20251120 01:08:54.026"/>
</kw>
<kw name="Create Dictionary" library="BuiltIn">
<var>${headers}</var>
<arg>robot=True</arg>
<doc>Creates and returns a dictionary based on the given ``items``.</doc>
<msg timestamp="20251120 01:08:54.026" level="INFO">${headers} = {'robot': 'True'}</msg>
<status status="PASS" starttime="20251120 01:08:54.026" endtime="20251120 01:08:54.026"/>
</kw>
<kw name="GET On Session" library="RequestsLibrary">
<var>${response}</var>
<arg>alias=${alias}</arg>
<arg>url=/posts/${order_id}</arg>
<arg>headers=${headers}</arg>
<arg>expected_status=${status_code}</arg>
<arg>msg=Falha ao realizar requisição GET</arg>
<doc>Sends a GET request on a previously created HTTP Session.</doc>
<msg timestamp="20251120 01:08:54.665" level="INFO">GET Request : url=https://jsonplaceholder.typicode.com/posts/999 
 path_url=/posts/999 
 headers={'User-Agent': 'python-requests/2.32.5', 'Accept-Encoding': 'gzip, deflate, zstd', 'Accept': '*/*', 'Connection': 'keep-alive', 'user_id': 'user_1', 'robot': 'True', 'Cookie': '_id=1234', 'Authorization': 'Basic dGVzdF91c2VyX3FhQHJvYm90LmNvbTpwc3cxMjNxYQ=='} 
 body=None 
 </msg>
<msg timestamp="20251120 01:08:54.666" level="INFO">GET Response : url=https://jsonplaceholder.typicode.com/posts/999 
 status=404, reason=Not Found 
 headers={'Date': 'Thu, 20 Nov 2025 04:08:54 GMT', 'Content-Type': 'application/json; charset=utf-8', 'Transfer-Encoding': 'chunked', 'Connection': 'keep-alive', 'access-control-allow-credentials': 'true', 'Cache-Control': 'no-cache', 'etag': 'W/"2-vyGp6PvFo4RvsFtPoIWeCReyIC8"', 'expires': '-1', 'nel': '{"report_to":"heroku-nel","response_headers":["Via"],"max_age":3600,"success_fraction":0.01,"failure_fraction":0.1}', 'pragma': 'no-cache', 'report-to': '{"group":"heroku-nel","endpoints":[{"url":"https://nel.heroku.com/reports?s=ptiZX%2Fp8k1CmuvFWbbBojncEHVJKkvbCnSoXkNda4Ic%3D\\u0026sid=e11707d5-02a7-43ef-b45e-2cf4d2036f7d\\u0026ts=1763611734"}],"max_age":3600}', 'reporting-endpoints': 'heroku-nel="https://nel.heroku.com/reports?s=ptiZX%2Fp8k1CmuvFWbbBojncEHVJKkvbCnSoXkNda4Ic%3D&amp;sid=e11707d5-02a7-43ef-b45e-2cf4d2036f7d&amp;ts=1763611734"', 'Server': 'cloudflare', 'vary': 'Origin, Accept-Encoding', 'via': '2.0 heroku-router', 'x-content-type-options': 'nosniff', 'x-powered-by': 'Express', 'x-ratelimit-limit': '1000', 'x-ratelimit-remaining': '999', 'x-ratelimit-reset': '1763611745', 'cf-cache-status': 'BYPASS', 'Content-Encoding': 'zstd', 'CF-RAY': '9a1516bb4d60f610-FOR', 'alt-svc': 'h3=":443"; ma=86400'} 
 body={} 
 </msg>
<msg timestamp="20251120 01:08:54.666" level="INFO">${response} = &lt;Response [404]&gt;</msg>
<status status="PASS" starttime="20251120 01:08:54.026" endtime="20251120 01:08:54.666"/>
</kw>
<msg timestamp="20251120 01:08:54.666" level="INFO">${response} = &lt;Response [404]&gt;</msg>
<status status="PASS" starttime="20251120 01:08:54.022" endtime="20251120 01:08:54.666"/>
</kw>
<kw name="Assert Get Orders" library="get_order">
<arg>response=${response}</arg>
<if>
<branch type="IF" condition="${response.status_code} == ${200}">
<kw name="Should Be Equal As Numbers" library="BuiltIn">
<arg>${response.json()['userId']}</arg>
<arg>1</arg>
<doc>Fails if objects are unequal after converting them to real numbers.</doc>
<status status="NOT RUN" starttime="20251120 01:08:54.668" endtime="20251120 01:08:54.668"/>
</kw>
<kw name="Should Be Equal As Numbers" library="BuiltIn">
<arg>${response.json()['id']}</arg>
<arg>1</arg>
<doc>Fails if objects are unequal after converting them to real numbers.</doc>
<status status="NOT RUN" starttime="20251120 01:08:54.668" endtime="20251120 01:08:54.668"/>
</kw>
<kw name="Should Be Equal As Strings" library="BuiltIn">
<arg>${response.json()['title']}</arg>
<arg>sunt aut facere repellat provident occaecati excepturi optio reprehenderit</arg>
<doc>Fails if objects are unequal after converting them to strings.</doc>
<status status="NOT RUN" starttime="20251120 01:08:54.668" endtime="20251120 01:08:54.668"/>
</kw>
<kw name="Should Be Equal As Strings" library="BuiltIn">
<arg>${response.json()['body']}</arg>
<arg>quia et suscipit\nsuscipit recusandae consequuntur expedita et cum\nreprehenderit molestiae ut ut quas totam\nnostrum rerum est autem sunt rem eveniet architecto</arg>
<doc>Fails if objects are unequal after converting them to strings.</doc>
<status status="NOT RUN" starttime="20251120 01:08:54.668" endtime="20251120 01:08:54.668"/>
</kw>
<status status="NOT RUN" starttime="20251120 01:08:54.667" endtime="20251120 01:08:54.668"/>
</branch>
<branch type="ELSE IF" condition="${response.status_code} == ${404}">
<kw name="Should Be Empty" library="BuiltIn">
<arg>${response.json()}</arg>
<doc>Verifies that the given item is empty.</doc>
<msg timestamp="20251120 01:08:54.669" level="INFO">Length is 0</msg>
<status status="PASS" starttime="20251120 01:08:54.669" endtime="20251120 01:08:54.669"/>
</kw>
<status status="PASS" starttime="20251120 01:08:54.668" endtime="20251120 01:08:54.669"/>
</branch>
<status status="PASS" starttime="20251120 01:08:54.667" endtime="20251120 01:08:54.669"/>
</if>
<status status="PASS" starttime="20251120 01:08:54.667" endtime="20251120 01:08:54.669"/>
</kw>
<tag>get</tag>
<status status="PASS" starttime="20251120 01:08:54.022" endtime="20251120 01:08:54.670"/>
</test>
<status status="PASS" starttime="20251120 01:08:52.951" endtime="20251120 01:08:54.671"/>
</suite>
<suite id="s1-s1-s2" name="CriarPedidoVenda" source="D:\Projetos\robot_api_test\test\CriarPedidoVenda.robot">
<test id="s1-s1-s2-t1" name="Cenário: Criar pedido de venda com um item com endereço" line="6">
<kw name="Create List" library="BuiltIn">
<var>@{product}</var>
<arg>Product A</arg>
<doc>Returns a list containing given items.</doc>
<msg timestamp="20251120 01:08:54.685" level="INFO">@{product} = [ Product A ]</msg>
<status status="PASS" starttime="20251120 01:08:54.685" endtime="20251120 01:08:54.685"/>
</kw>
<kw name="Create List" library="BuiltIn">
<var>@{quantity}</var>
<arg>2</arg>
<doc>Returns a list containing given items.</doc>
<msg timestamp="20251120 01:08:54.686" level="INFO">@{quantity} = [ 2 ]</msg>
<status status="PASS" starttime="20251120 01:08:54.686" endtime="20251120 01:08:54.686"/>
</kw>
<kw name="Create List" library="BuiltIn">
<var>@{price}</var>
<arg>25</arg>
<doc>Returns a list containing given items.</doc>
<msg timestamp="20251120 01:08:54.686" level="INFO">@{price} = [ 25 ]</msg>
<status status="PASS" starttime="20251120 01:08:54.686" endtime="20251120 01:08:54.686"/>
</kw>
<kw name="Request Post Orders" library="post_order">
<var>${response}</var>
<arg>order_id=123456</arg>
<arg>status=Open</arg>
<arg>items_product=@{product}</arg>
<arg>items_quantity=@{quantity}</arg>
<arg>items_price=@{price}</arg>
<arg>status_code=201</arg>
<if>
<branch type="IF" condition="${shipping_address}">
<kw name="Street Name" library="FakerLibrary">
<var>${shipping_address_street}</var>
<doc>:example: 'Crist Parks'</doc>
<msg timestamp="20251120 01:08:54.688" level="INFO">${shipping_address_street} = Cassidy Walk</msg>
<status status="PASS" starttime="20251120 01:08:54.688" endtime="20251120 01:08:54.688"/>
</kw>
<kw name="City" library="FakerLibrary">
<var>${shipping_address_city}</var>
<doc>:example: 'Sashabury'</doc>
<msg timestamp="20251120 01:08:54.689" level="INFO">${shipping_address_city} = Susanhaven</msg>
<status status="PASS" starttime="20251120 01:08:54.688" endtime="20251120 01:08:54.689"/>
</kw>
<kw name="Zipcode" library="FakerLibrary">
<var>${shipping_address_zipcode}</var>
<msg timestamp="20251120 01:08:54.689" level="INFO">${shipping_address_zipcode} = 75953</msg>
<status status="PASS" starttime="20251120 01:08:54.689" endtime="20251120 01:08:54.689"/>
</kw>
<status status="PASS" starttime="20251120 01:08:54.688" endtime="20251120 01:08:54.689"/>
</branch>
<branch type="ELSE">
<kw name="Set Variable" library="BuiltIn">
<var>${shipping_address_street}</var>
<arg>${EMPTY}</arg>
<doc>Returns the given values which can then be assigned to a variables.</doc>
<status status="NOT RUN" starttime="20251120 01:08:54.689" endtime="20251120 01:08:54.689"/>
</kw>
<kw name="Set Variable" library="BuiltIn">
<var>${shipping_address_city}</var>
<arg>${EMPTY}</arg>
<doc>Returns the given values which can then be assigned to a variables.</doc>
<status status="NOT RUN" starttime="20251120 01:08:54.689" endtime="20251120 01:08:54.689"/>
</kw>
<kw name="Set Variable" library="BuiltIn">
<var>${shipping_address_zipcode}</var>
<arg>${EMPTY}</arg>
<doc>Returns the given values which can then be assigned to a variables.</doc>
<status status="NOT RUN" starttime="20251120 01:08:54.689" endtime="20251120 01:08:54.689"/>
</kw>
<status status="NOT RUN" starttime="20251120 01:08:54.689" endtime="20251120 01:08:54.689"/>
</branch>
<status status="PASS" starttime="20251120 01:08:54.688" endtime="20251120 01:08:54.689"/>
</if>
<kw name="Listing Items" library="post_order">
<var>${items}</var>
<var>${total_price}</var>
<arg>product=${items_product}</arg>
<arg>quantity=${items_quantity}</arg>
<arg>price=${items_price}</arg>
<kw name="Load Json From File" library="JSONLibrary">
<var>${items}</var>
<arg>D:\\Projetos\\robot_api_test\\resources\\services\\order/json/items_list.json</arg>
<doc>Load JSON from file.</doc>
<msg timestamp="20251120 01:08:54.691" level="INFO">${items} = {'product': '', 'quantity': 0, 'price': 0}</msg>
<status status="PASS" starttime="20251120 01:08:54.690" endtime="20251120 01:08:54.691"/>
</kw>
<kw name="Create List" library="BuiltIn">
<var>${items_list}</var>
<doc>Returns a list containing given items.</doc>
<msg timestamp="20251120 01:08:54.692" level="INFO">${items_list} = []</msg>
<status status="PASS" starttime="20251120 01:08:54.692" endtime="20251120 01:08:54.692"/>
</kw>
<for flavor="IN ZIP">
<var>${l1-product}</var>
<var>${l2-quantity}</var>
<var>${l3-price}</var>
<value>${product}</value>
<value>${quantity}</value>
<value>${price}</value>
<iter>
<var name="${l1-product}">Product A</var>
<var name="${l2-quantity}">2</var>
<var name="${l3-price}">25</var>
<kw name="Update Value To Json" library="JSONLibrary">
<var>${items}</var>
<arg>${items}</arg>
<arg>$.product</arg>
<arg>${l1-product}</arg>
<doc>Update value to JSON using JSONPath</doc>
<msg timestamp="20251120 01:08:54.718" level="INFO">${items} = {'product': 'Product A', 'quantity': 0, 'price': 0}</msg>
<status status="PASS" starttime="20251120 01:08:54.692" endtime="20251120 01:08:54.718"/>
</kw>
<kw name="Update Value To Json" library="JSONLibrary">
<var>${items}</var>
<arg>${items}</arg>
<arg>$.quantity</arg>
<arg>${l2-quantity}</arg>
<doc>Update value to JSON using JSONPath</doc>
<msg timestamp="20251120 01:08:54.739" level="INFO">${items} = {'product': 'Product A', 'quantity': '2', 'price': 0}</msg>
<status status="PASS" starttime="20251120 01:08:54.718" endtime="20251120 01:08:54.739"/>
</kw>
<kw name="Update Value To Json" library="JSONLibrary">
<var>${items}</var>
<arg>${items}</arg>
<arg>$.price</arg>
<arg>${l3-price}</arg>
<doc>Update value to JSON using JSONPath</doc>
<msg timestamp="20251120 01:08:54.758" level="INFO">${items} = {'product': 'Product A', 'quantity': '2', 'price': '25'}</msg>
<status status="PASS" starttime="20251120 01:08:54.739" endtime="20251120 01:08:54.758"/>
</kw>
<kw name="Append To List" library="Collections">
<arg>${items_list}</arg>
<arg>${items}</arg>
<doc>Adds ``values`` to the end of ``list``.</doc>
<status status="PASS" starttime="20251120 01:08:54.758" endtime="20251120 01:08:54.758"/>
</kw>
<status status="PASS" starttime="20251120 01:08:54.692" endtime="20251120 01:08:54.758"/>
</iter>
<status status="PASS" starttime="20251120 01:08:54.692" endtime="20251120 01:08:54.758"/>
</for>
<kw name="Evaluate" library="BuiltIn">
<var>${total_price}</var>
<arg>sum(int(item['quantity']) * int(item['price']) for item in ${items_list})</arg>
<doc>Evaluates the given expression in Python and returns the result.</doc>
<msg timestamp="20251120 01:08:54.758" level="INFO">${total_price} = 50</msg>
<status status="PASS" starttime="20251120 01:08:54.758" endtime="20251120 01:08:54.758"/>
</kw>
<msg timestamp="20251120 01:08:54.759" level="INFO">${items} = [{'product': 'Product A', 'quantity': '2', 'price': '25'}]</msg>
<msg timestamp="20251120 01:08:54.759" level="INFO">${total_price} = 50</msg>
<status status="PASS" starttime="20251120 01:08:54.689" endtime="20251120 01:08:54.759"/>
</kw>
<kw name="Body Post Orders" library="post_order">
<var>${body}</var>
<arg>order_id=${order_id}</arg>
<arg>total_price=${total_price}</arg>
<arg>status=${status}</arg>
<arg>customer_name=${customer_name}</arg>
<arg>customer_email=${customer_email}</arg>
<arg>items=${items}</arg>
<arg>street=${shipping_address_street}</arg>
<arg>city=${shipping_address_city}</arg>
<arg>zipcode=${shipping_address_zipcode}</arg>
<kw name="Load Json From File" library="JSONLibrary">
<var>${body}</var>
<arg>D:\\Projetos\\robot_api_test\\resources\\services\\order/json/post_order.json</arg>
<doc>Load JSON from file.</doc>
<msg timestamp="20251120 01:08:54.760" level="INFO">${body} = {'order': {'order_id': '', 'total_price': 0, 'status': '', 'customer': {'name': '', 'email': ''}, 'items': [], 'shipping_address': {'street': '', 'city': '', 'zipcode': ''}}}</msg>
<status status="PASS" starttime="20251120 01:08:54.759" endtime="20251120 01:08:54.760"/>
</kw>
<kw name="Update Value To Json" library="JSONLibrary">
<var>${body}</var>
<arg>${body}</arg>
<arg>$.order.order_id</arg>
<arg>${order_id}</arg>
<doc>Update value to JSON using JSONPath</doc>
<msg timestamp="20251120 01:08:54.777" level="INFO">${body} = {'order': {'order_id': '123456', 'total_price': 0, 'status': '', 'customer': {'name': '', 'email': ''}, 'items': [], 'shipping_address': {'street': '', 'city': '', 'zipcode': ''}}}</msg>
<status status="PASS" starttime="20251120 01:08:54.760" endtime="20251120 01:08:54.777"/>
</kw>
<kw name="Update Value To Json" library="JSONLibrary">
<var>${body}</var>
<arg>${body}</arg>
<arg>$.order.total_price</arg>
<arg>${total_price}</arg>
<doc>Update value to JSON using JSONPath</doc>
<msg timestamp="20251120 01:08:54.795" level="INFO">${body} = {'order': {'order_id': '123456', 'total_price': 50, 'status': '', 'customer': {'name': '', 'email': ''}, 'items': [], 'shipping_address': {'street': '', 'city': '', 'zipcode': ''}}}</msg>
<status status="PASS" starttime="20251120 01:08:54.777" endtime="20251120 01:08:54.795"/>
</kw>
<kw name="Update Value To Json" library="JSONLibrary">
<var>${body}</var>
<arg>${body}</arg>
<arg>$.order.status</arg>
<arg>${status}</arg>
<doc>Update value to JSON using JSONPath</doc>
<msg timestamp="20251120 01:08:54.815" level="INFO">${body} = {'order': {'order_id': '123456', 'total_price': 50, 'status': 'Open', 'customer': {'name': '', 'email': ''}, 'items': [], 'shipping_address': {'street': '', 'city': '', 'zipcode': ''}}}</msg>
<status status="PASS" starttime="20251120 01:08:54.795" endtime="20251120 01:08:54.815"/>
</kw>
<kw name="Update Value To Json" library="JSONLibrary">
<var>${body}</var>
<arg>${body}</arg>
<arg>$.order.customer.name</arg>
<arg>${customer_name}</arg>
<doc>Update value to JSON using JSONPath</doc>
<msg timestamp="20251120 01:08:54.840" level="INFO">${body} = {'order': {'order_id': '123456', 'total_price': 50, 'status': 'Open', 'customer': {'name': 'Test User QA', 'email': ''}, 'items': [], 'shipping_address': {'street': '', 'city': '', 'zipcode': ''}}}</msg>
<status status="PASS" starttime="20251120 01:08:54.816" endtime="20251120 01:08:54.840"/>
</kw>
<kw name="Update Value To Json" library="JSONLibrary">
<var>${body}</var>
<arg>${body}</arg>
<arg>$.order.customer.email</arg>
<arg>${customer_email}</arg>
<doc>Update value to JSON using JSONPath</doc>
<msg timestamp="20251120 01:08:54.856" level="INFO">${body} = {'order': {'order_id': '123456', 'total_price': 50, 'status': 'Open', 'customer': {'name': 'Test User QA', 'email': 'test_user_qa@robot.com'}, 'items': [], 'shipping_address': {'street': '', 'city': '...</msg>
<status status="PASS" starttime="20251120 01:08:54.840" endtime="20251120 01:08:54.856"/>
</kw>
<kw name="Update Value To Json" library="JSONLibrary">
<var>${body}</var>
<arg>${body}</arg>
<arg>$.order.items</arg>
<arg>${items}</arg>
<doc>Update value to JSON using JSONPath</doc>
<msg timestamp="20251120 01:08:54.875" level="INFO">${body} = {'order': {'order_id': '123456', 'total_price': 50, 'status': 'Open', 'customer': {'name': 'Test User QA', 'email': 'test_user_qa@robot.com'}, 'items': [{'product': 'Product A', 'quantity': '2', 'pric...</msg>
<status status="PASS" starttime="20251120 01:08:54.856" endtime="20251120 01:08:54.875"/>
</kw>
<kw name="Update Value To Json" library="JSONLibrary">
<var>${body}</var>
<arg>${body}</arg>
<arg>$.order.shipping_address.street</arg>
<arg>${street}</arg>
<doc>Update value to JSON using JSONPath</doc>
<msg timestamp="20251120 01:08:54.891" level="INFO">${body} = {'order': {'order_id': '123456', 'total_price': 50, 'status': 'Open', 'customer': {'name': 'Test User QA', 'email': 'test_user_qa@robot.com'}, 'items': [{'product': 'Product A', 'quantity': '2', 'pric...</msg>
<status status="PASS" starttime="20251120 01:08:54.875" endtime="20251120 01:08:54.891"/>
</kw>
<kw name="Update Value To Json" library="JSONLibrary">
<var>${body}</var>
<arg>${body}</arg>
<arg>$.order.shipping_address.city</arg>
<arg>${city}</arg>
<doc>Update value to JSON using JSONPath</doc>
<msg timestamp="20251120 01:08:54.905" level="INFO">${body} = {'order': {'order_id': '123456', 'total_price': 50, 'status': 'Open', 'customer': {'name': 'Test User QA', 'email': 'test_user_qa@robot.com'}, 'items': [{'product': 'Product A', 'quantity': '2', 'pric...</msg>
<status status="PASS" starttime="20251120 01:08:54.891" endtime="20251120 01:08:54.905"/>
</kw>
<kw name="Update Value To Json" library="JSONLibrary">
<var>${body}</var>
<arg>${body}</arg>
<arg>$.order.shipping_address.zipcode</arg>
<arg>${zipcode}</arg>
<doc>Update value to JSON using JSONPath</doc>
<msg timestamp="20251120 01:08:54.922" level="INFO">${body} = {'order': {'order_id': '123456', 'total_price': 50, 'status': 'Open', 'customer': {'name': 'Test User QA', 'email': 'test_user_qa@robot.com'}, 'items': [{'product': 'Product A', 'quantity': '2', 'pric...</msg>
<status status="PASS" starttime="20251120 01:08:54.906" endtime="20251120 01:08:54.922"/>
</kw>
<msg timestamp="20251120 01:08:54.922" level="INFO">${body} = {'order': {'order_id': '123456', 'total_price': 50, 'status': 'Open', 'customer': {'name': 'Test User QA', 'email': 'test_user_qa@robot.com'}, 'items': [{'product': 'Product A', 'quantity': '2', 'pric...</msg>
<status status="PASS" starttime="20251120 01:08:54.759" endtime="20251120 01:08:54.922"/>
</kw>
<kw name="Set Test Variable" library="BuiltIn">
<arg>${body}</arg>
<doc>Makes a variable available everywhere within the scope of the current test.</doc>
<msg timestamp="20251120 01:08:54.922" level="INFO">${body} = {'order': {'order_id': '123456', 'total_price': 50, 'status': 'Open', 'customer': {'name': 'Test User QA', 'email': 'test_user_qa@robot.com'}, 'items': [{'product': 'Product A', 'quantity': '2', 'pric...</msg>
<status status="PASS" starttime="20251120 01:08:54.922" endtime="20251120 01:08:54.922"/>
</kw>
<kw name="Create Orders Session" library="order_session">
<var>${alias}</var>
<kw name="Set Variable" library="BuiltIn">
<var>${alias}</var>
<arg>orders</arg>
<doc>Returns the given values which can then be assigned to a variables.</doc>
<msg timestamp="20251120 01:08:54.923" level="INFO">${alias} = orders</msg>
<status status="PASS" starttime="20251120 01:08:54.923" endtime="20251120 01:08:54.923"/>
</kw>
<kw name="Create Dictionary" library="BuiltIn">
<var>${headers}</var>
<arg>user_id=user_1</arg>
<doc>Creates and returns a dictionary based on the given ``items``.</doc>
<msg timestamp="20251120 01:08:54.923" level="INFO">${headers} = {'user_id': 'user_1'}</msg>
<status status="PASS" starttime="20251120 01:08:54.923" endtime="20251120 01:08:54.923"/>
</kw>
<kw name="Create Dictionary" library="BuiltIn">
<var>${cookies}</var>
<arg>_id=1234</arg>
<doc>Creates and returns a dictionary based on the given ``items``.</doc>
<msg timestamp="20251120 01:08:54.923" level="INFO">${cookies} = {'_id': '1234'}</msg>
<status status="PASS" starttime="20251120 01:08:54.923" endtime="20251120 01:08:54.923"/>
</kw>
<kw name="Create List" library="BuiltIn">
<var>${auth}</var>
<arg>${user_data.${env}.user_email}</arg>
<arg>${user_data.${env}.password}</arg>
<doc>Returns a list containing given items.</doc>
<msg timestamp="20251120 01:08:54.924" level="INFO">${auth} = ['test_user_qa@robot.com', 'psw123qa']</msg>
<status status="PASS" starttime="20251120 01:08:54.923" endtime="20251120 01:08:54.924"/>
</kw>
<kw name="Create Session" library="RequestsLibrary">
<arg>alias=${alias}</arg>
<arg>url=${url.${env}}</arg>
<arg>disable_warnings=${True}</arg>
<arg>headers=${headers}</arg>
<arg>cookies=${cookies}</arg>
<arg>auth=${auth}</arg>
<doc>Create Session: create a HTTP session to a server</doc>
<msg timestamp="20251120 01:08:54.924" level="INFO">Creating Session using : alias=orders, url=https://jsonplaceholder.typicode.com, headers={'user_id': 'user_1'},                     cookies={'_id': '1234'}, auth=&lt;requests.auth.HTTPBasicAuth object at 0x0000022615843B10&gt;, timeout=None, proxies=None, verify=False,                     debug=0 </msg>
<status status="PASS" starttime="20251120 01:08:54.924" endtime="20251120 01:08:54.925"/>
</kw>
<msg timestamp="20251120 01:08:54.925" level="INFO">${alias} = orders</msg>
<status status="PASS" starttime="20251120 01:08:54.922" endtime="20251120 01:08:54.925"/>
</kw>
<kw name="POST On Session" library="RequestsLibrary">
<var>${response}</var>
<arg>alias=${alias}</arg>
<arg>url=/posts</arg>
<arg>json=${body}</arg>
<arg>expected_status=${status_code}</arg>
<arg>msg=Erro ao criar pedido de venda</arg>
<doc>Sends a POST request on a previously created HTTP Session.</doc>
<msg timestamp="20251120 01:08:55.510" level="INFO">POST Request : url=https://jsonplaceholder.typicode.com/posts 
 path_url=/posts 
 headers={'User-Agent': 'python-requests/2.32.5', 'Accept-Encoding': 'gzip, deflate, zstd', 'Accept': '*/*', 'Connection': 'keep-alive', 'user_id': 'user_1', 'Cookie': '_id=1234', 'Content-Length': '302', 'Content-Type': 'application/json', 'Authorization': 'Basic dGVzdF91c2VyX3FhQHJvYm90LmNvbTpwc3cxMjNxYQ=='} 
 body=b'{"order": {"order_id": "123456", "total_price": 50, "status": "Open", "customer": {"name": "Test User QA", "email": "test_user_qa@robot.com"}, "items": [{"product": "Product A", "quantity": "2", "price": "25"}], "shipping_address": {"street": "Cassidy Walk", "city": "Susanhaven", "zipcode": "75953"}}}' 
 </msg>
<msg timestamp="20251120 01:08:55.510" level="INFO">POST Response : url=https://jsonplaceholder.typicode.com/posts 
 status=201, reason=Created 
 headers={'Date': 'Thu, 20 Nov 2025 04:08:55 GMT', 'Content-Type': 'application/json; charset=utf-8', 'Content-Length': '433', 'Connection': 'keep-alive', 'access-control-allow-credentials': 'true', 'access-control-expose-headers': 'Location', 'Cache-Control': 'no-cache', 'etag': 'W/"1b1-5dT8xeo3XRo69io163ein5WxgKc"', 'expires': '-1', 'location': 'https://jsonplaceholder.typicode.com/posts/101', 'nel': '{"report_to":"heroku-nel","response_headers":["Via"],"max_age":3600,"success_fraction":0.01,"failure_fraction":0.1}', 'pragma': 'no-cache', 'report-to': '{"group":"heroku-nel","endpoints":[{"url":"https://nel.heroku.com/reports?s=Eorr9SXi2uHLO2GDtTk2%2FV%2F0S7ZrsaIkkaqV4Y%2FnOvk%3D\\u0026sid=e11707d5-02a7-43ef-b45e-2cf4d2036f7d\\u0026ts=1763611735"}],"max_age":3600}', 'reporting-endpoints': 'heroku-nel="https://nel.heroku.com/reports?s=Eorr9SXi2uHLO2GDtTk2%2FV%2F0S7ZrsaIkkaqV4Y%2FnOvk%3D&amp;sid=e11707d5-02a7-43ef-b45e-2cf4d2036f7d&amp;ts=1763611735"', 'Server': 'cloudflare', 'vary': 'Origin, X-HTTP-Method-Override, Accept-Encoding', 'via': '2.0 heroku-router', 'x-content-type-options': 'nosniff', 'x-powered-by': 'Express', 'x-ratelimit-limit': '1000', 'x-ratelimit-remaining': '998', 'x-ratelimit-reset': '1763611745', 'cf-cache-status': 'DYNAMIC', 'CF-RAY': '9a1516c0ba79f637-FOR', 'alt-svc': 'h3=":443"; ma=86400'} 
 body={
  "order": {
    "order_id": "123456",
    "total_price": 50,
    "status": "Open",
    "customer": {
      "name": "Test User QA",
      "email": "test_user_qa@robot.com"
    },
    "items": [
      {
        "product": "Product A",
        "quantity": "2",
        "price": "25"
      }
    ],
    "shipping_address": {
      "street": "Cassidy Walk",
      "city": "Susanhaven",
      "zipcode": "75953"
    }
  },
  "id": 101
} 
 </msg>
<msg timestamp="20251120 01:08:55.510" level="INFO">${response} = &lt;Response [201]&gt;</msg>
<status status="PASS" starttime="20251120 01:08:54.925" endtime="20251120 01:08:55.510"/>
</kw>
<msg timestamp="20251120 01:08:55.510" level="INFO">${response} = &lt;Response [201]&gt;</msg>
<status status="PASS" starttime="20251120 01:08:54.687" endtime="20251120 01:08:55.510"/>
</kw>
<kw name="Assert Post Orders" library="post_order">
<arg>response=${response}</arg>
<arg>products=@{product}</arg>
<kw name="Should Be Equal As Strings" library="BuiltIn">
<arg>${response.json()["order"]["order_id"]}</arg>
<arg>${body["order"]["order_id"]}</arg>
<doc>Fails if objects are unequal after converting them to strings.</doc>
<status status="PASS" starttime="20251120 01:08:55.511" endtime="20251120 01:08:55.512"/>
</kw>
<kw name="Should Be Equal As Numbers" library="BuiltIn">
<arg>${response.json()["order"]["total_price"]}</arg>
<arg>${body["order"]["total_price"]}</arg>
<doc>Fails if objects are unequal after converting them to real numbers.</doc>
<status status="PASS" starttime="20251120 01:08:55.512" endtime="20251120 01:08:55.512"/>
</kw>
<kw name="Should Be Equal As Strings" library="BuiltIn">
<arg>${response.json()["order"]["status"]}</arg>
<arg>${body["order"]["status"]}</arg>
<doc>Fails if objects are unequal after converting them to strings.</doc>
<status status="PASS" starttime="20251120 01:08:55.513" endtime="20251120 01:08:55.513"/>
</kw>
<kw name="Should Be Equal As Strings" library="BuiltIn">
<arg>${response.json()["order"]["customer"]["name"]}</arg>
<arg>${body["order"]["customer"]["name"]}</arg>
<doc>Fails if objects are unequal after converting them to strings.</doc>
<status status="PASS" starttime="20251120 01:08:55.513" endtime="20251120 01:08:55.514"/>
</kw>
<kw name="Should Be Equal As Strings" library="BuiltIn">
<arg>${response.json()["order"]["customer"]["email"]}</arg>
<arg>${body["order"]["customer"]["email"]}</arg>
<doc>Fails if objects are unequal after converting them to strings.</doc>
<status status="PASS" starttime="20251120 01:08:55.514" endtime="20251120 01:08:55.514"/>
</kw>
<for flavor="IN">
<var>${product}</var>
<value>@{products}</value>
<iter>
<var name="${product}">Product A</var>
<kw name="Get Value From Json" library="JSONLibrary">
<var>${body_items}</var>
<arg>${body}</arg>
<arg>$.order.items[?(@.product=="${product}")]</arg>
<doc>Get Value From JSON using JSONPath</doc>
<msg timestamp="20251120 01:08:55.531" level="INFO">${body_items} = [{'product': 'Product A', 'quantity': '2', 'price': '25'}]</msg>
<status status="PASS" starttime="20251120 01:08:55.514" endtime="20251120 01:08:55.531"/>
</kw>
<kw name="Get Value From Json" library="JSONLibrary">
<var>${response_items}</var>
<arg>${response.json()}</arg>
<arg>$.order.items[?(@.product=="${product}")]</arg>
<doc>Get Value From JSON using JSONPath</doc>
<msg timestamp="20251120 01:08:55.553" level="INFO">${response_items} = [{'product': 'Product A', 'quantity': '2', 'price': '25'}]</msg>
<status status="PASS" starttime="20251120 01:08:55.531" endtime="20251120 01:08:55.553"/>
</kw>
<kw name="Should Be Equal As Strings" library="BuiltIn">
<arg>${response_items[0]["product"]}</arg>
<arg>${body_items[0]["product"]}</arg>
<doc>Fails if objects are unequal after converting them to strings.</doc>
<status status="PASS" starttime="20251120 01:08:55.553" endtime="20251120 01:08:55.554"/>
</kw>
<kw name="Should Be Equal As Strings" library="BuiltIn">
<arg>${response_items[0]["quantity"]}</arg>
<arg>${body_items[0]["quantity"]}</arg>
<doc>Fails if objects are unequal after converting them to strings.</doc>
<status status="PASS" starttime="20251120 01:08:55.554" endtime="20251120 01:08:55.554"/>
</kw>
<kw name="Should Be Equal As Strings" library="BuiltIn">
<arg>${response_items[0]["price"]}</arg>
<arg>${body_items[0]["price"]}</arg>
<doc>Fails if objects are unequal after converting them to strings.</doc>
<status status="PASS" starttime="20251120 01:08:55.554" endtime="20251120 01:08:55.555"/>
</kw>
<status status="PASS" starttime="20251120 01:08:55.514" endtime="20251120 01:08:55.555"/>
</iter>
<status status="PASS" starttime="20251120 01:08:55.514" endtime="20251120 01:08:55.555"/>
</for>
<kw name="Should Be Equal As Strings" library="BuiltIn">
<arg>${response.json()["order"]["shipping_address"]["street"]}</arg>
<arg>${body["order"]["shipping_address"]["street"]}</arg>
<doc>Fails if objects are unequal after converting them to strings.</doc>
<status status="PASS" starttime="20251120 01:08:55.555" endtime="20251120 01:08:55.556"/>
</kw>
<kw name="Should Be Equal As Strings" library="BuiltIn">
<arg>${response.json()["order"]["shipping_address"]["city"]}</arg>
<arg>${body["order"]["shipping_address"]["city"]}</arg>
<doc>Fails if objects are unequal after converting them to strings.</doc>
<status status="PASS" starttime="20251120 01:08:55.556" endtime="20251120 01:08:55.556"/>
</kw>
<kw name="Should Be Equal As Strings" library="BuiltIn">
<arg>${response.json()["order"]["shipping_address"]["zipcode"]}</arg>
<arg>${body["order"]["shipping_address"]["zipcode"]}</arg>
<doc>Fails if objects are unequal after converting them to strings.</doc>
<status status="PASS" starttime="20251120 01:08:55.556" endtime="20251120 01:08:55.557"/>
</kw>
<status status="PASS" starttime="20251120 01:08:55.511" endtime="20251120 01:08:55.557"/>
</kw>
<tag>order</tag>
<status status="PASS" starttime="20251120 01:08:54.684" endtime="20251120 01:08:55.558"/>
</test>
<test id="s1-s1-s2-t2" name="Cenário: Criar pedido de venda com um item sem endereço" line="24">
<kw name="Create List" library="BuiltIn">
<var>@{product}</var>
<arg>Product A</arg>
<doc>Returns a list containing given items.</doc>
<msg timestamp="20251120 01:08:55.561" level="INFO">@{product} = [ Product A ]</msg>
<status status="PASS" starttime="20251120 01:08:55.561" endtime="20251120 01:08:55.561"/>
</kw>
<kw name="Create List" library="BuiltIn">
<var>@{quantity}</var>
<arg>${2}</arg>
<doc>Returns a list containing given items.</doc>
<msg timestamp="20251120 01:08:55.561" level="INFO">@{quantity} = [ 2 ]</msg>
<status status="PASS" starttime="20251120 01:08:55.561" endtime="20251120 01:08:55.561"/>
</kw>
<kw name="Create List" library="BuiltIn">
<var>@{price}</var>
<arg>${25}</arg>
<doc>Returns a list containing given items.</doc>
<msg timestamp="20251120 01:08:55.562" level="INFO">@{price} = [ 25 ]</msg>
<status status="PASS" starttime="20251120 01:08:55.562" endtime="20251120 01:08:55.562"/>
</kw>
<kw name="Request Post Orders" library="post_order">
<var>${response}</var>
<arg>order_id=123456</arg>
<arg>status=Open</arg>
<arg>items_product=@{product}</arg>
<arg>items_quantity=@{quantity}</arg>
<arg>items_price=@{price}</arg>
<arg>shipping_address=${False}</arg>
<arg>status_code=201</arg>
<if>
<branch type="IF" condition="${shipping_address}">
<kw name="Street Name" library="FakerLibrary">
<var>${shipping_address_street}</var>
<doc>:example: 'Crist Parks'</doc>
<status status="NOT RUN" starttime="20251120 01:08:55.563" endtime="20251120 01:08:55.564"/>
</kw>
<kw name="City" library="FakerLibrary">
<var>${shipping_address_city}</var>
<doc>:example: 'Sashabury'</doc>
<status status="NOT RUN" starttime="20251120 01:08:55.564" endtime="20251120 01:08:55.564"/>
</kw>
<kw name="Zipcode" library="FakerLibrary">
<var>${shipping_address_zipcode}</var>
<status status="NOT RUN" starttime="20251120 01:08:55.564" endtime="20251120 01:08:55.564"/>
</kw>
<status status="NOT RUN" starttime="20251120 01:08:55.563" endtime="20251120 01:08:55.564"/>
</branch>
<branch type="ELSE">
<kw name="Set Variable" library="BuiltIn">
<var>${shipping_address_street}</var>
<arg>${EMPTY}</arg>
<doc>Returns the given values which can then be assigned to a variables.</doc>
<msg timestamp="20251120 01:08:55.564" level="INFO">${shipping_address_street} = </msg>
<status status="PASS" starttime="20251120 01:08:55.564" endtime="20251120 01:08:55.564"/>
</kw>
<kw name="Set Variable" library="BuiltIn">
<var>${shipping_address_city}</var>
<arg>${EMPTY}</arg>
<doc>Returns the given values which can then be assigned to a variables.</doc>
<msg timestamp="20251120 01:08:55.564" level="INFO">${shipping_address_city} = </msg>
<status status="PASS" starttime="20251120 01:08:55.564" endtime="20251120 01:08:55.564"/>
</kw>
<kw name="Set Variable" library="BuiltIn">
<var>${shipping_address_zipcode}</var>
<arg>${EMPTY}</arg>
<doc>Returns the given values which can then be assigned to a variables.</doc>
<msg timestamp="20251120 01:08:55.565" level="INFO">${shipping_address_zipcode} = </msg>
<status status="PASS" starttime="20251120 01:08:55.564" endtime="20251120 01:08:55.565"/>
</kw>
<status status="PASS" starttime="20251120 01:08:55.564" endtime="20251120 01:08:55.565"/>
</branch>
<status status="PASS" starttime="20251120 01:08:55.563" endtime="20251120 01:08:55.565"/>
</if>
<kw name="Listing Items" library="post_order">
<var>${items}</var>
<var>${total_price}</var>
<arg>product=${items_product}</arg>
<arg>quantity=${items_quantity}</arg>
<arg>price=${items_price}</arg>
<kw name="Load Json From File" library="JSONLibrary">
<var>${items}</var>
<arg>D:\\Projetos\\robot_api_test\\resources\\services\\order/json/items_list.json</arg>
<doc>Load JSON from file.</doc>
<msg timestamp="20251120 01:08:55.566" level="INFO">${items} = {'product': '', 'quantity': 0, 'price': 0}</msg>
<status status="PASS" starttime="20251120 01:08:55.565" endtime="20251120 01:08:55.566"/>
</kw>
<kw name="Create List" library="BuiltIn">
<var>${items_list}</var>
<doc>Returns a list containing given items.</doc>
<msg timestamp="20251120 01:08:55.566" level="INFO">${items_list} = []</msg>
<status status="PASS" starttime="20251120 01:08:55.566" endtime="20251120 01:08:55.566"/>
</kw>
<for flavor="IN ZIP">
<var>${l1-product}</var>
<var>${l2-quantity}</var>
<var>${l3-price}</var>
<value>${product}</value>
<value>${quantity}</value>
<value>${price}</value>
<iter>
<var name="${l1-product}">Product A</var>
<var name="${l2-quantity}">2</var>
<var name="${l3-price}">25</var>
<kw name="Update Value To Json" library="JSONLibrary">
<var>${items}</var>
<arg>${items}</arg>
<arg>$.product</arg>
<arg>${l1-product}</arg>
<doc>Update value to JSON using JSONPath</doc>
<msg timestamp="20251120 01:08:55.583" level="INFO">${items} = {'product': 'Product A', 'quantity': 0, 'price': 0}</msg>
<status status="PASS" starttime="20251120 01:08:55.566" endtime="20251120 01:08:55.583"/>
</kw>
<kw name="Update Value To Json" library="JSONLibrary">
<var>${items}</var>
<arg>${items}</arg>
<arg>$.quantity</arg>
<arg>${l2-quantity}</arg>
<doc>Update value to JSON using JSONPath</doc>
<msg timestamp="20251120 01:08:55.603" level="INFO">${items} = {'product': 'Product A', 'quantity': 2, 'price': 0}</msg>
<status status="PASS" starttime="20251120 01:08:55.583" endtime="20251120 01:08:55.603"/>
</kw>
<kw name="Update Value To Json" library="JSONLibrary">
<var>${items}</var>
<arg>${items}</arg>
<arg>$.price</arg>
<arg>${l3-price}</arg>
<doc>Update value to JSON using JSONPath</doc>
<msg timestamp="20251120 01:08:55.624" level="INFO">${items} = {'product': 'Product A', 'quantity': 2, 'price': 25}</msg>
<status status="PASS" starttime="20251120 01:08:55.603" endtime="20251120 01:08:55.624"/>
</kw>
<kw name="Append To List" library="Collections">
<arg>${items_list}</arg>
<arg>${items}</arg>
<doc>Adds ``values`` to the end of ``list``.</doc>
<status status="PASS" starttime="20251120 01:08:55.624" endtime="20251120 01:08:55.624"/>
</kw>
<status status="PASS" starttime="20251120 01:08:55.566" endtime="20251120 01:08:55.624"/>
</iter>
<status status="PASS" starttime="20251120 01:08:55.566" endtime="20251120 01:08:55.624"/>
</for>
<kw name="Evaluate" library="BuiltIn">
<var>${total_price}</var>
<arg>sum(int(item['quantity']) * int(item['price']) for item in ${items_list})</arg>
<doc>Evaluates the given expression in Python and returns the result.</doc>
<msg timestamp="20251120 01:08:55.625" level="INFO">${total_price} = 50</msg>
<status status="PASS" starttime="20251120 01:08:55.624" endtime="20251120 01:08:55.625"/>
</kw>
<msg timestamp="20251120 01:08:55.625" level="INFO">${items} = [{'product': 'Product A', 'quantity': 2, 'price': 25}]</msg>
<msg timestamp="20251120 01:08:55.625" level="INFO">${total_price} = 50</msg>
<status status="PASS" starttime="20251120 01:08:55.565" endtime="20251120 01:08:55.625"/>
</kw>
<kw name="Body Post Orders" library="post_order">
<var>${body}</var>
<arg>order_id=${order_id}</arg>
<arg>total_price=${total_price}</arg>
<arg>status=${status}</arg>
<arg>customer_name=${customer_name}</arg>
<arg>customer_email=${customer_email}</arg>
<arg>items=${items}</arg>
<arg>street=${shipping_address_street}</arg>
<arg>city=${shipping_address_city}</arg>
<arg>zipcode=${shipping_address_zipcode}</arg>
<kw name="Load Json From File" library="JSONLibrary">
<var>${body}</var>
<arg>D:\\Projetos\\robot_api_test\\resources\\services\\order/json/post_order.json</arg>
<doc>Load JSON from file.</doc>
<msg timestamp="20251120 01:08:55.627" level="INFO">${body} = {'order': {'order_id': '', 'total_price': 0, 'status': '', 'customer': {'name': '', 'email': ''}, 'items': [], 'shipping_address': {'street': '', 'city': '', 'zipcode': ''}}}</msg>
<status status="PASS" starttime="20251120 01:08:55.626" endtime="20251120 01:08:55.627"/>
</kw>
<kw name="Update Value To Json" library="JSONLibrary">
<var>${body}</var>
<arg>${body}</arg>
<arg>$.order.order_id</arg>
<arg>${order_id}</arg>
<doc>Update value to JSON using JSONPath</doc>
<msg timestamp="20251120 01:08:55.647" level="INFO">${body} = {'order': {'order_id': '123456', 'total_price': 0, 'status': '', 'customer': {'name': '', 'email': ''}, 'items': [], 'shipping_address': {'street': '', 'city': '', 'zipcode': ''}}}</msg>
<status status="PASS" starttime="20251120 01:08:55.627" endtime="20251120 01:08:55.647"/>
</kw>
<kw name="Update Value To Json" library="JSONLibrary">
<var>${body}</var>
<arg>${body}</arg>
<arg>$.order.total_price</arg>
<arg>${total_price}</arg>
<doc>Update value to JSON using JSONPath</doc>
<msg timestamp="20251120 01:08:55.666" level="INFO">${body} = {'order': {'order_id': '123456', 'total_price': 50, 'status': '', 'customer': {'name': '', 'email': ''}, 'items': [], 'shipping_address': {'street': '', 'city': '', 'zipcode': ''}}}</msg>
<status status="PASS" starttime="20251120 01:08:55.647" endtime="20251120 01:08:55.666"/>
</kw>
<kw name="Update Value To Json" library="JSONLibrary">
<var>${body}</var>
<arg>${body}</arg>
<arg>$.order.status</arg>
<arg>${status}</arg>
<doc>Update value to JSON using JSONPath</doc>
<msg timestamp="20251120 01:08:55.686" level="INFO">${body} = {'order': {'order_id': '123456', 'total_price': 50, 'status': 'Open', 'customer': {'name': '', 'email': ''}, 'items': [], 'shipping_address': {'street': '', 'city': '', 'zipcode': ''}}}</msg>
<status status="PASS" starttime="20251120 01:08:55.666" endtime="20251120 01:08:55.686"/>
</kw>
<kw name="Update Value To Json" library="JSONLibrary">
<var>${body}</var>
<arg>${body}</arg>
<arg>$.order.customer.name</arg>
<arg>${customer_name}</arg>
<doc>Update value to JSON using JSONPath</doc>
<msg timestamp="20251120 01:08:55.705" level="INFO">${body} = {'order': {'order_id': '123456', 'total_price': 50, 'status': 'Open', 'customer': {'name': 'Test User QA', 'email': ''}, 'items': [], 'shipping_address': {'street': '', 'city': '', 'zipcode': ''}}}</msg>
<status status="PASS" starttime="20251120 01:08:55.686" endtime="20251120 01:08:55.705"/>
</kw>
<kw name="Update Value To Json" library="JSONLibrary">
<var>${body}</var>
<arg>${body}</arg>
<arg>$.order.customer.email</arg>
<arg>${customer_email}</arg>
<doc>Update value to JSON using JSONPath</doc>
<msg timestamp="20251120 01:08:55.724" level="INFO">${body} = {'order': {'order_id': '123456', 'total_price': 50, 'status': 'Open', 'customer': {'name': 'Test User QA', 'email': 'test_user_qa@robot.com'}, 'items': [], 'shipping_address': {'street': '', 'city': '...</msg>
<status status="PASS" starttime="20251120 01:08:55.705" endtime="20251120 01:08:55.724"/>
</kw>
<kw name="Update Value To Json" library="JSONLibrary">
<var>${body}</var>
<arg>${body}</arg>
<arg>$.order.items</arg>
<arg>${items}</arg>
<doc>Update value to JSON using JSONPath</doc>
<msg timestamp="20251120 01:08:55.743" level="INFO">${body} = {'order': {'order_id': '123456', 'total_price': 50, 'status': 'Open', 'customer': {'name': 'Test User QA', 'email': 'test_user_qa@robot.com'}, 'items': [{'product': 'Product A', 'quantity': 2, 'price'...</msg>
<status status="PASS" starttime="20251120 01:08:55.724" endtime="20251120 01:08:55.743"/>
</kw>
<kw name="Update Value To Json" library="JSONLibrary">
<var>${body}</var>
<arg>${body}</arg>
<arg>$.order.shipping_address.street</arg>
<arg>${street}</arg>
<doc>Update value to JSON using JSONPath</doc>
<msg timestamp="20251120 01:08:55.760" level="INFO">${body} = {'order': {'order_id': '123456', 'total_price': 50, 'status': 'Open', 'customer': {'name': 'Test User QA', 'email': 'test_user_qa@robot.com'}, 'items': [{'product': 'Product A', 'quantity': 2, 'price'...</msg>
<status status="PASS" starttime="20251120 01:08:55.743" endtime="20251120 01:08:55.760"/>
</kw>
<kw name="Update Value To Json" library="JSONLibrary">
<var>${body}</var>
<arg>${body}</arg>
<arg>$.order.shipping_address.city</arg>
<arg>${city}</arg>
<doc>Update value to JSON using JSONPath</doc>
<msg timestamp="20251120 01:08:55.775" level="INFO">${body} = {'order': {'order_id': '123456', 'total_price': 50, 'status': 'Open', 'customer': {'name': 'Test User QA', 'email': 'test_user_qa@robot.com'}, 'items': [{'product': 'Product A', 'quantity': 2, 'price'...</msg>
<status status="PASS" starttime="20251120 01:08:55.760" endtime="20251120 01:08:55.775"/>
</kw>
<kw name="Update Value To Json" library="JSONLibrary">
<var>${body}</var>
<arg>${body}</arg>
<arg>$.order.shipping_address.zipcode</arg>
<arg>${zipcode}</arg>
<doc>Update value to JSON using JSONPath</doc>
<msg timestamp="20251120 01:08:55.791" level="INFO">${body} = {'order': {'order_id': '123456', 'total_price': 50, 'status': 'Open', 'customer': {'name': 'Test User QA', 'email': 'test_user_qa@robot.com'}, 'items': [{'product': 'Product A', 'quantity': 2, 'price'...</msg>
<status status="PASS" starttime="20251120 01:08:55.775" endtime="20251120 01:08:55.791"/>
</kw>
<msg timestamp="20251120 01:08:55.791" level="INFO">${body} = {'order': {'order_id': '123456', 'total_price': 50, 'status': 'Open', 'customer': {'name': 'Test User QA', 'email': 'test_user_qa@robot.com'}, 'items': [{'product': 'Product A', 'quantity': 2, 'price'...</msg>
<status status="PASS" starttime="20251120 01:08:55.625" endtime="20251120 01:08:55.791"/>
</kw>
<kw name="Set Test Variable" library="BuiltIn">
<arg>${body}</arg>
<doc>Makes a variable available everywhere within the scope of the current test.</doc>
<msg timestamp="20251120 01:08:55.791" level="INFO">${body} = {'order': {'order_id': '123456', 'total_price': 50, 'status': 'Open', 'customer': {'name': 'Test User QA', 'email': 'test_user_qa@robot.com'}, 'items': [{'product': 'Product A', 'quantity': 2, 'price'...</msg>
<status status="PASS" starttime="20251120 01:08:55.791" endtime="20251120 01:08:55.792"/>
</kw>
<kw name="Create Orders Session" library="order_session">
<var>${alias}</var>
<kw name="Set Variable" library="BuiltIn">
<var>${alias}</var>
<arg>orders</arg>
<doc>Returns the given values which can then be assigned to a variables.</doc>
<msg timestamp="20251120 01:08:55.792" level="INFO">${alias} = orders</msg>
<status status="PASS" starttime="20251120 01:08:55.792" endtime="20251120 01:08:55.792"/>
</kw>
<kw name="Create Dictionary" library="BuiltIn">
<var>${headers}</var>
<arg>user_id=user_1</arg>
<doc>Creates and returns a dictionary based on the given ``items``.</doc>
<msg timestamp="20251120 01:08:55.792" level="INFO">${headers} = {'user_id': 'user_1'}</msg>
<status status="PASS" starttime="20251120 01:08:55.792" endtime="20251120 01:08:55.792"/>
</kw>
<kw name="Create Dictionary" library="BuiltIn">
<var>${cookies}</var>
<arg>_id=1234</arg>
<doc>Creates and returns a dictionary based on the given ``items``.</doc>
<msg timestamp="20251120 01:08:55.792" level="INFO">${cookies} = {'_id': '1234'}</msg>
<status status="PASS" starttime="20251120 01:08:55.792" endtime="20251120 01:08:55.792"/>
</kw>
<kw name="Create List" library="BuiltIn">
<var>${auth}</var>
<arg>${user_data.${env}.user_email}</arg>
<arg>${user_data.${env}.password}</arg>
<doc>Returns a list containing given items.</doc>
<msg timestamp="20251120 01:08:55.793" level="INFO">${auth} = ['test_user_qa@robot.com', 'psw123qa']</msg>
<status status="PASS" starttime="20251120 01:08:55.792" endtime="20251120 01:08:55.793"/>
</kw>
<kw name="Create Session" library="RequestsLibrary">
<arg>alias=${alias}</arg>
<arg>url=${url.${env}}</arg>
<arg>disable_warnings=${True}</arg>
<arg>headers=${headers}</arg>
<arg>cookies=${cookies}</arg>
<arg>auth=${auth}</arg>
<doc>Create Session: create a HTTP session to a server</doc>
<msg timestamp="20251120 01:08:55.794" level="INFO">Creating Session using : alias=orders, url=https://jsonplaceholder.typicode.com, headers={'user_id': 'user_1'},                     cookies={'_id': '1234'}, auth=&lt;requests.auth.HTTPBasicAuth object at 0x00000226158703E0&gt;, timeout=None, proxies=None, verify=False,                     debug=0 </msg>
<status status="PASS" starttime="20251120 01:08:55.793" endtime="20251120 01:08:55.794"/>
</kw>
<msg timestamp="20251120 01:08:55.794" level="INFO">${alias} = orders</msg>
<status status="PASS" starttime="20251120 01:08:55.792" endtime="20251120 01:08:55.794"/>
</kw>
<kw name="POST On Session" library="RequestsLibrary">
<var>${response}</var>
<arg>alias=${alias}</arg>
<arg>url=/posts</arg>
<arg>json=${body}</arg>
<arg>expected_status=${status_code}</arg>
<arg>msg=Erro ao criar pedido de venda</arg>
<doc>Sends a POST request on a previously created HTTP Session.</doc>
<msg timestamp="20251120 01:08:56.017" level="INFO">POST Request : url=https://jsonplaceholder.typicode.com/posts 
 path_url=/posts 
 headers={'User-Agent': 'python-requests/2.32.5', 'Accept-Encoding': 'gzip, deflate, zstd', 'Accept': '*/*', 'Connection': 'keep-alive', 'user_id': 'user_1', 'Cookie': '_id=1234', 'Content-Length': '271', 'Content-Type': 'application/json', 'Authorization': 'Basic dGVzdF91c2VyX3FhQHJvYm90LmNvbTpwc3cxMjNxYQ=='} 
 body=b'{"order": {"order_id": "123456", "total_price": 50, "status": "Open", "customer": {"name": "Test User QA", "email": "test_user_qa@robot.com"}, "items": [{"product": "Product A", "quantity": 2, "price": 25}], "shipping_address": {"street": "", "city": "", "zipcode": ""}}}' 
 </msg>
<msg timestamp="20251120 01:08:56.017" level="INFO">POST Response : url=https://jsonplaceholder.typicode.com/posts 
 status=201, reason=Created 
 headers={'Date': 'Thu, 20 Nov 2025 04:08:56 GMT', 'Content-Type': 'application/json; charset=utf-8', 'Content-Length': '402', 'Connection': 'keep-alive', 'access-control-allow-credentials': 'true', 'access-control-expose-headers': 'Location', 'Cache-Control': 'no-cache', 'etag': 'W/"192-Oq5mDVqIzhBGNdTOvDf5Rbi1XBo"', 'expires': '-1', 'location': 'https://jsonplaceholder.typicode.com/posts/101', 'nel': '{"report_to":"heroku-nel","response_headers":["Via"],"max_age":3600,"success_fraction":0.01,"failure_fraction":0.1}', 'pragma': 'no-cache', 'report-to': '{"group":"heroku-nel","endpoints":[{"url":"https://nel.heroku.com/reports?s=lhRHEoiM%2Fs5h%2F19leZjlTziNzQoKuLoFJbeY%2BXYn8mo%3D\\u0026sid=e11707d5-02a7-43ef-b45e-2cf4d2036f7d\\u0026ts=1763611736"}],"max_age":3600}', 'reporting-endpoints': 'heroku-nel="https://nel.heroku.com/reports?s=lhRHEoiM%2Fs5h%2F19leZjlTziNzQoKuLoFJbeY%2BXYn8mo%3D&amp;sid=e11707d5-02a7-43ef-b45e-2cf4d2036f7d&amp;ts=1763611736"', 'Server': 'cloudflare', 'vary': 'Origin, X-HTTP-Method-Override, Accept-Encoding', 'via': '2.0 heroku-router', 'x-content-type-options': 'nosniff', 'x-powered-by': 'Express', 'x-ratelimit-limit': '1000', 'x-ratelimit-remaining': '997', 'x-ratelimit-reset': '1763611745', 'cf-cache-status': 'DYNAMIC', 'CF-RAY': '9a1516c628382745-FOR', 'alt-svc': 'h3=":443"; ma=86400'} 
 body={
  "order": {
    "order_id": "123456",
    "total_price": 50,
    "status": "Open",
    "customer": {
      "name": "Test User QA",
      "email": "test_user_qa@robot.com"
    },
    "items": [
      {
        "product": "Product A",
        "quantity": 2,
        "price": 25
      }
    ],
    "shipping_address": {
      "street": "",
      "city": "",
      "zipcode": ""
    }
  },
  "id": 101
} 
 </msg>
<msg timestamp="20251120 01:08:56.017" level="INFO">${response} = &lt;Response [201]&gt;</msg>
<status status="PASS" starttime="20251120 01:08:55.794" endtime="20251120 01:08:56.017"/>
</kw>
<msg timestamp="20251120 01:08:56.017" level="INFO">${response} = &lt;Response [201]&gt;</msg>
<status status="PASS" starttime="20251120 01:08:55.563" endtime="20251120 01:08:56.017"/>
</kw>
<kw name="Assert Post Orders" library="post_order">
<arg>response=${response}</arg>
<arg>products=@{product}</arg>
<kw name="Should Be Equal As Strings" library="BuiltIn">
<arg>${response.json()["order"]["order_id"]}</arg>
<arg>${body["order"]["order_id"]}</arg>
<doc>Fails if objects are unequal after converting them to strings.</doc>
<status status="PASS" starttime="20251120 01:08:56.018" endtime="20251120 01:08:56.019"/>
</kw>
<kw name="Should Be Equal As Numbers" library="BuiltIn">
<arg>${response.json()["order"]["total_price"]}</arg>
<arg>${body["order"]["total_price"]}</arg>
<doc>Fails if objects are unequal after converting them to real numbers.</doc>
<status status="PASS" starttime="20251120 01:08:56.019" endtime="20251120 01:08:56.019"/>
</kw>
<kw name="Should Be Equal As Strings" library="BuiltIn">
<arg>${response.json()["order"]["status"]}</arg>
<arg>${body["order"]["status"]}</arg>
<doc>Fails if objects are unequal after converting them to strings.</doc>
<status status="PASS" starttime="20251120 01:08:56.019" endtime="20251120 01:08:56.020"/>
</kw>
<kw name="Should Be Equal As Strings" library="BuiltIn">
<arg>${response.json()["order"]["customer"]["name"]}</arg>
<arg>${body["order"]["customer"]["name"]}</arg>
<doc>Fails if objects are unequal after converting them to strings.</doc>
<status status="PASS" starttime="20251120 01:08:56.020" endtime="20251120 01:08:56.020"/>
</kw>
<kw name="Should Be Equal As Strings" library="BuiltIn">
<arg>${response.json()["order"]["customer"]["email"]}</arg>
<arg>${body["order"]["customer"]["email"]}</arg>
<doc>Fails if objects are unequal after converting them to strings.</doc>
<status status="PASS" starttime="20251120 01:08:56.020" endtime="20251120 01:08:56.021"/>
</kw>
<for flavor="IN">
<var>${product}</var>
<value>@{products}</value>
<iter>
<var name="${product}">Product A</var>
<kw name="Get Value From Json" library="JSONLibrary">
<var>${body_items}</var>
<arg>${body}</arg>
<arg>$.order.items[?(@.product=="${product}")]</arg>
<doc>Get Value From JSON using JSONPath</doc>
<msg timestamp="20251120 01:08:56.039" level="INFO">${body_items} = [{'product': 'Product A', 'quantity': 2, 'price': 25}]</msg>
<status status="PASS" starttime="20251120 01:08:56.021" endtime="20251120 01:08:56.039"/>
</kw>
<kw name="Get Value From Json" library="JSONLibrary">
<var>${response_items}</var>
<arg>${response.json()}</arg>
<arg>$.order.items[?(@.product=="${product}")]</arg>
<doc>Get Value From JSON using JSONPath</doc>
<msg timestamp="20251120 01:08:56.059" level="INFO">${response_items} = [{'product': 'Product A', 'quantity': 2, 'price': 25}]</msg>
<status status="PASS" starttime="20251120 01:08:56.039" endtime="20251120 01:08:56.059"/>
</kw>
<kw name="Should Be Equal As Strings" library="BuiltIn">
<arg>${response_items[0]["product"]}</arg>
<arg>${body_items[0]["product"]}</arg>
<doc>Fails if objects are unequal after converting them to strings.</doc>
<status status="PASS" starttime="20251120 01:08:56.059" endtime="20251120 01:08:56.060"/>
</kw>
<kw name="Should Be Equal As Strings" library="BuiltIn">
<arg>${response_items[0]["quantity"]}</arg>
<arg>${body_items[0]["quantity"]}</arg>
<doc>Fails if objects are unequal after converting them to strings.</doc>
<status status="PASS" starttime="20251120 01:08:56.060" endtime="20251120 01:08:56.061"/>
</kw>
<kw name="Should Be Equal As Strings" library="BuiltIn">
<arg>${response_items[0]["price"]}</arg>
<arg>${body_items[0]["price"]}</arg>
<doc>Fails if objects are unequal after converting them to strings.</doc>
<status status="PASS" starttime="20251120 01:08:56.061" endtime="20251120 01:08:56.061"/>
</kw>
<status status="PASS" starttime="20251120 01:08:56.021" endtime="20251120 01:08:56.061"/>
</iter>
<status status="PASS" starttime="20251120 01:08:56.021" endtime="20251120 01:08:56.062"/>
</for>
<kw name="Should Be Equal As Strings" library="BuiltIn">
<arg>${response.json()["order"]["shipping_address"]["street"]}</arg>
<arg>${body["order"]["shipping_address"]["street"]}</arg>
<doc>Fails if objects are unequal after converting them to strings.</doc>
<status status="PASS" starttime="20251120 01:08:56.062" endtime="20251120 01:08:56.062"/>
</kw>
<kw name="Should Be Equal As Strings" library="BuiltIn">
<arg>${response.json()["order"]["shipping_address"]["city"]}</arg>
<arg>${body["order"]["shipping_address"]["city"]}</arg>
<doc>Fails if objects are unequal after converting them to strings.</doc>
<status status="PASS" starttime="20251120 01:08:56.062" endtime="20251120 01:08:56.063"/>
</kw>
<kw name="Should Be Equal As Strings" library="BuiltIn">
<arg>${response.json()["order"]["shipping_address"]["zipcode"]}</arg>
<arg>${body["order"]["shipping_address"]["zipcode"]}</arg>
<doc>Fails if objects are unequal after converting them to strings.</doc>
<status status="PASS" starttime="20251120 01:08:56.063" endtime="20251120 01:08:56.064"/>
</kw>
<status status="PASS" starttime="20251120 01:08:56.018" endtime="20251120 01:08:56.064"/>
</kw>
<tag>order</tag>
<status status="PASS" starttime="20251120 01:08:55.560" endtime="20251120 01:08:56.065"/>
</test>
<test id="s1-s1-s2-t3" name="Cenário: Criar pedido de venda com mais de um item" line="43">
<kw name="Create List" library="BuiltIn">
<var>@{product}</var>
<arg>Product A</arg>
<arg>Product B</arg>
<arg>Product C</arg>
<doc>Returns a list containing given items.</doc>
<msg timestamp="20251120 01:08:56.066" level="INFO">@{product} = [ Product A | Product B | Product C ]</msg>
<status status="PASS" starttime="20251120 01:08:56.066" endtime="20251120 01:08:56.067"/>
</kw>
<kw name="Create List" library="BuiltIn">
<var>@{quantity}</var>
<arg>${2}</arg>
<arg>${3}</arg>
<arg>${4}</arg>
<doc>Returns a list containing given items.</doc>
<msg timestamp="20251120 01:08:56.067" level="INFO">@{quantity} = [ 2 | 3 | 4 ]</msg>
<status status="PASS" starttime="20251120 01:08:56.067" endtime="20251120 01:08:56.067"/>
</kw>
<kw name="Create List" library="BuiltIn">
<var>@{price}</var>
<arg>${25}</arg>
<arg>${35}</arg>
<arg>${45}</arg>
<doc>Returns a list containing given items.</doc>
<msg timestamp="20251120 01:08:56.068" level="INFO">@{price} = [ 25 | 35 | 45 ]</msg>
<status status="PASS" starttime="20251120 01:08:56.068" endtime="20251120 01:08:56.068"/>
</kw>
<kw name="Request Post Orders" library="post_order">
<var>${response}</var>
<arg>order_id=123456</arg>
<arg>status=Open</arg>
<arg>items_product=@{product}</arg>
<arg>items_quantity=@{quantity}</arg>
<arg>items_price=@{price}</arg>
<arg>status_code=201</arg>
<if>
<branch type="IF" condition="${shipping_address}">
<kw name="Street Name" library="FakerLibrary">
<var>${shipping_address_street}</var>
<doc>:example: 'Crist Parks'</doc>
<msg timestamp="20251120 01:08:56.070" level="INFO">${shipping_address_street} = Dawson Mission</msg>
<status status="PASS" starttime="20251120 01:08:56.069" endtime="20251120 01:08:56.070"/>
</kw>
<kw name="City" library="FakerLibrary">
<var>${shipping_address_city}</var>
<doc>:example: 'Sashabury'</doc>
<msg timestamp="20251120 01:08:56.070" level="INFO">${shipping_address_city} = New Sarahstad</msg>
<status status="PASS" starttime="20251120 01:08:56.070" endtime="20251120 01:08:56.070"/>
</kw>
<kw name="Zipcode" library="FakerLibrary">
<var>${shipping_address_zipcode}</var>
<msg timestamp="20251120 01:08:56.070" level="INFO">${shipping_address_zipcode} = 42993</msg>
<status status="PASS" starttime="20251120 01:08:56.070" endtime="20251120 01:08:56.070"/>
</kw>
<status status="PASS" starttime="20251120 01:08:56.069" endtime="20251120 01:08:56.070"/>
</branch>
<branch type="ELSE">
<kw name="Set Variable" library="BuiltIn">
<var>${shipping_address_street}</var>
<arg>${EMPTY}</arg>
<doc>Returns the given values which can then be assigned to a variables.</doc>
<status status="NOT RUN" starttime="20251120 01:08:56.070" endtime="20251120 01:08:56.070"/>
</kw>
<kw name="Set Variable" library="BuiltIn">
<var>${shipping_address_city}</var>
<arg>${EMPTY}</arg>
<doc>Returns the given values which can then be assigned to a variables.</doc>
<status status="NOT RUN" starttime="20251120 01:08:56.070" endtime="20251120 01:08:56.070"/>
</kw>
<kw name="Set Variable" library="BuiltIn">
<var>${shipping_address_zipcode}</var>
<arg>${EMPTY}</arg>
<doc>Returns the given values which can then be assigned to a variables.</doc>
<status status="NOT RUN" starttime="20251120 01:08:56.070" endtime="20251120 01:08:56.070"/>
</kw>
<status status="NOT RUN" starttime="20251120 01:08:56.070" endtime="20251120 01:08:56.070"/>
</branch>
<status status="PASS" starttime="20251120 01:08:56.069" endtime="20251120 01:08:56.070"/>
</if>
<kw name="Listing Items" library="post_order">
<var>${items}</var>
<var>${total_price}</var>
<arg>product=${items_product}</arg>
<arg>quantity=${items_quantity}</arg>
<arg>price=${items_price}</arg>
<kw name="Load Json From File" library="JSONLibrary">
<var>${items}</var>
<arg>D:\\Projetos\\robot_api_test\\resources\\services\\order/json/items_list.json</arg>
<doc>Load JSON from file.</doc>
<msg timestamp="20251120 01:08:56.071" level="INFO">${items} = {'product': '', 'quantity': 0, 'price': 0}</msg>
<status status="PASS" starttime="20251120 01:08:56.071" endtime="20251120 01:08:56.071"/>
</kw>
<kw name="Create List" library="BuiltIn">
<var>${items_list}</var>
<doc>Returns a list containing given items.</doc>
<msg timestamp="20251120 01:08:56.071" level="INFO">${items_list} = []</msg>
<status status="PASS" starttime="20251120 01:08:56.071" endtime="20251120 01:08:56.071"/>
</kw>
<for flavor="IN ZIP">
<var>${l1-product}</var>
<var>${l2-quantity}</var>
<var>${l3-price}</var>
<value>${product}</value>
<value>${quantity}</value>
<value>${price}</value>
<iter>
<var name="${l1-product}">Product A</var>
<var name="${l2-quantity}">2</var>
<var name="${l3-price}">25</var>
<kw name="Update Value To Json" library="JSONLibrary">
<var>${items}</var>
<arg>${items}</arg>
<arg>$.product</arg>
<arg>${l1-product}</arg>
<doc>Update value to JSON using JSONPath</doc>
<msg timestamp="20251120 01:08:56.089" level="INFO">${items} = {'product': 'Product A', 'quantity': 0, 'price': 0}</msg>
<status status="PASS" starttime="20251120 01:08:56.072" endtime="20251120 01:08:56.089"/>
</kw>
<kw name="Update Value To Json" library="JSONLibrary">
<var>${items}</var>
<arg>${items}</arg>
<arg>$.quantity</arg>
<arg>${l2-quantity}</arg>
<doc>Update value to JSON using JSONPath</doc>
<msg timestamp="20251120 01:08:56.108" level="INFO">${items} = {'product': 'Product A', 'quantity': 2, 'price': 0}</msg>
<status status="PASS" starttime="20251120 01:08:56.089" endtime="20251120 01:08:56.108"/>
</kw>
<kw name="Update Value To Json" library="JSONLibrary">
<var>${items}</var>
<arg>${items}</arg>
<arg>$.price</arg>
<arg>${l3-price}</arg>
<doc>Update value to JSON using JSONPath</doc>
<msg timestamp="20251120 01:08:56.127" level="INFO">${items} = {'product': 'Product A', 'quantity': 2, 'price': 25}</msg>
<status status="PASS" starttime="20251120 01:08:56.108" endtime="20251120 01:08:56.127"/>
</kw>
<kw name="Append To List" library="Collections">
<arg>${items_list}</arg>
<arg>${items}</arg>
<doc>Adds ``values`` to the end of ``list``.</doc>
<status status="PASS" starttime="20251120 01:08:56.127" endtime="20251120 01:08:56.127"/>
</kw>
<status status="PASS" starttime="20251120 01:08:56.071" endtime="20251120 01:08:56.127"/>
</iter>
<iter>
<var name="${l1-product}">Product B</var>
<var name="${l2-quantity}">3</var>
<var name="${l3-price}">35</var>
<kw name="Update Value To Json" library="JSONLibrary">
<var>${items}</var>
<arg>${items}</arg>
<arg>$.product</arg>
<arg>${l1-product}</arg>
<doc>Update value to JSON using JSONPath</doc>
<msg timestamp="20251120 01:08:56.144" level="INFO">${items} = {'product': 'Product B', 'quantity': 2, 'price': 25}</msg>
<status status="PASS" starttime="20251120 01:08:56.128" endtime="20251120 01:08:56.144"/>
</kw>
<kw name="Update Value To Json" library="JSONLibrary">
<var>${items}</var>
<arg>${items}</arg>
<arg>$.quantity</arg>
<arg>${l2-quantity}</arg>
<doc>Update value to JSON using JSONPath</doc>
<msg timestamp="20251120 01:08:56.160" level="INFO">${items} = {'product': 'Product B', 'quantity': 3, 'price': 25}</msg>
<status status="PASS" starttime="20251120 01:08:56.144" endtime="20251120 01:08:56.160"/>
</kw>
<kw name="Update Value To Json" library="JSONLibrary">
<var>${items}</var>
<arg>${items}</arg>
<arg>$.price</arg>
<arg>${l3-price}</arg>
<doc>Update value to JSON using JSONPath</doc>
<msg timestamp="20251120 01:08:56.176" level="INFO">${items} = {'product': 'Product B', 'quantity': 3, 'price': 35}</msg>
<status status="PASS" starttime="20251120 01:08:56.160" endtime="20251120 01:08:56.177"/>
</kw>
<kw name="Append To List" library="Collections">
<arg>${items_list}</arg>
<arg>${items}</arg>
<doc>Adds ``values`` to the end of ``list``.</doc>
<status status="PASS" starttime="20251120 01:08:56.177" endtime="20251120 01:08:56.177"/>
</kw>
<status status="PASS" starttime="20251120 01:08:56.128" endtime="20251120 01:08:56.177"/>
</iter>
<iter>
<var name="${l1-product}">Product C</var>
<var name="${l2-quantity}">4</var>
<var name="${l3-price}">45</var>
<kw name="Update Value To Json" library="JSONLibrary">
<var>${items}</var>
<arg>${items}</arg>
<arg>$.product</arg>
<arg>${l1-product}</arg>
<doc>Update value to JSON using JSONPath</doc>
<msg timestamp="20251120 01:08:56.192" level="INFO">${items} = {'product': 'Product C', 'quantity': 3, 'price': 35}</msg>
<status status="PASS" starttime="20251120 01:08:56.177" endtime="20251120 01:08:56.192"/>
</kw>
<kw name="Update Value To Json" library="JSONLibrary">
<var>${items}</var>
<arg>${items}</arg>
<arg>$.quantity</arg>
<arg>${l2-quantity}</arg>
<doc>Update value to JSON using JSONPath</doc>
<msg timestamp="20251120 01:08:56.207" level="INFO">${items} = {'product': 'Product C', 'quantity': 4, 'price': 35}</msg>
<status status="PASS" starttime="20251120 01:08:56.192" endtime="20251120 01:08:56.207"/>
</kw>
<kw name="Update Value To Json" library="JSONLibrary">
<var>${items}</var>
<arg>${items}</arg>
<arg>$.price</arg>
<arg>${l3-price}</arg>
<doc>Update value to JSON using JSONPath</doc>
<msg timestamp="20251120 01:08:56.223" level="INFO">${items} = {'product': 'Product C', 'quantity': 4, 'price': 45}</msg>
<status status="PASS" starttime="20251120 01:08:56.207" endtime="20251120 01:08:56.223"/>
</kw>
<kw name="Append To List" library="Collections">
<arg>${items_list}</arg>
<arg>${items}</arg>
<doc>Adds ``values`` to the end of ``list``.</doc>
<status status="PASS" starttime="20251120 01:08:56.223" endtime="20251120 01:08:56.223"/>
</kw>
<status status="PASS" starttime="20251120 01:08:56.177" endtime="20251120 01:08:56.223"/>
</iter>
<status status="PASS" starttime="20251120 01:08:56.071" endtime="20251120 01:08:56.223"/>
</for>
<kw name="Evaluate" library="BuiltIn">
<var>${total_price}</var>
<arg>sum(int(item['quantity']) * int(item['price']) for item in ${items_list})</arg>
<doc>Evaluates the given expression in Python and returns the result.</doc>
<msg timestamp="20251120 01:08:56.223" level="INFO">${total_price} = 335</msg>
<status status="PASS" starttime="20251120 01:08:56.223" endtime="20251120 01:08:56.223"/>
</kw>
<msg timestamp="20251120 01:08:56.223" level="INFO">${items} = [{'product': 'Product A', 'quantity': 2, 'price': 25}, {'product': 'Product B', 'quantity': 3, 'price': 35}, {'product': 'Product C', 'quantity': 4, 'price': 45}]</msg>
<msg timestamp="20251120 01:08:56.224" level="INFO">${total_price} = 335</msg>
<status status="PASS" starttime="20251120 01:08:56.070" endtime="20251120 01:08:56.224"/>
</kw>
<kw name="Body Post Orders" library="post_order">
<var>${body}</var>
<arg>order_id=${order_id}</arg>
<arg>total_price=${total_price}</arg>
<arg>status=${status}</arg>
<arg>customer_name=${customer_name}</arg>
<arg>customer_email=${customer_email}</arg>
<arg>items=${items}</arg>
<arg>street=${shipping_address_street}</arg>
<arg>city=${shipping_address_city}</arg>
<arg>zipcode=${shipping_address_zipcode}</arg>
<kw name="Load Json From File" library="JSONLibrary">
<var>${body}</var>
<arg>D:\\Projetos\\robot_api_test\\resources\\services\\order/json/post_order.json</arg>
<doc>Load JSON from file.</doc>
<msg timestamp="20251120 01:08:56.225" level="INFO">${body} = {'order': {'order_id': '', 'total_price': 0, 'status': '', 'customer': {'name': '', 'email': ''}, 'items': [], 'shipping_address': {'street': '', 'city': '', 'zipcode': ''}}}</msg>
<status status="PASS" starttime="20251120 01:08:56.224" endtime="20251120 01:08:56.225"/>
</kw>
<kw name="Update Value To Json" library="JSONLibrary">
<var>${body}</var>
<arg>${body}</arg>
<arg>$.order.order_id</arg>
<arg>${order_id}</arg>
<doc>Update value to JSON using JSONPath</doc>
<msg timestamp="20251120 01:08:56.240" level="INFO">${body} = {'order': {'order_id': '123456', 'total_price': 0, 'status': '', 'customer': {'name': '', 'email': ''}, 'items': [], 'shipping_address': {'street': '', 'city': '', 'zipcode': ''}}}</msg>
<status status="PASS" starttime="20251120 01:08:56.225" endtime="20251120 01:08:56.240"/>
</kw>
<kw name="Update Value To Json" library="JSONLibrary">
<var>${body}</var>
<arg>${body}</arg>
<arg>$.order.total_price</arg>
<arg>${total_price}</arg>
<doc>Update value to JSON using JSONPath</doc>
<msg timestamp="20251120 01:08:56.256" level="INFO">${body} = {'order': {'order_id': '123456', 'total_price': 335, 'status': '', 'customer': {'name': '', 'email': ''}, 'items': [], 'shipping_address': {'street': '', 'city': '', 'zipcode': ''}}}</msg>
<status status="PASS" starttime="20251120 01:08:56.240" endtime="20251120 01:08:56.256"/>
</kw>
<kw name="Update Value To Json" library="JSONLibrary">
<var>${body}</var>
<arg>${body}</arg>
<arg>$.order.status</arg>
<arg>${status}</arg>
<doc>Update value to JSON using JSONPath</doc>
<msg timestamp="20251120 01:08:56.271" level="INFO">${body} = {'order': {'order_id': '123456', 'total_price': 335, 'status': 'Open', 'customer': {'name': '', 'email': ''}, 'items': [], 'shipping_address': {'street': '', 'city': '', 'zipcode': ''}}}</msg>
<status status="PASS" starttime="20251120 01:08:56.256" endtime="20251120 01:08:56.271"/>
</kw>
<kw name="Update Value To Json" library="JSONLibrary">
<var>${body}</var>
<arg>${body}</arg>
<arg>$.order.customer.name</arg>
<arg>${customer_name}</arg>
<doc>Update value to JSON using JSONPath</doc>
<msg timestamp="20251120 01:08:56.287" level="INFO">${body} = {'order': {'order_id': '123456', 'total_price': 335, 'status': 'Open', 'customer': {'name': 'Test User QA', 'email': ''}, 'items': [], 'shipping_address': {'street': '', 'city': '', 'zipcode': ''}}}</msg>
<status status="PASS" starttime="20251120 01:08:56.271" endtime="20251120 01:08:56.287"/>
</kw>
<kw name="Update Value To Json" library="JSONLibrary">
<var>${body}</var>
<arg>${body}</arg>
<arg>$.order.customer.email</arg>
<arg>${customer_email}</arg>
<doc>Update value to JSON using JSONPath</doc>
<msg timestamp="20251120 01:08:56.303" level="INFO">${body} = {'order': {'order_id': '123456', 'total_price': 335, 'status': 'Open', 'customer': {'name': 'Test User QA', 'email': 'test_user_qa@robot.com'}, 'items': [], 'shipping_address': {'street': '', 'city': ...</msg>
<status status="PASS" starttime="20251120 01:08:56.287" endtime="20251120 01:08:56.303"/>
</kw>
<kw name="Update Value To Json" library="JSONLibrary">
<var>${body}</var>
<arg>${body}</arg>
<arg>$.order.items</arg>
<arg>${items}</arg>
<doc>Update value to JSON using JSONPath</doc>
<msg timestamp="20251120 01:08:56.320" level="INFO">${body} = {'order': {'order_id': '123456', 'total_price': 335, 'status': 'Open', 'customer': {'name': 'Test User QA', 'email': 'test_user_qa@robot.com'}, 'items': [{'product': 'Product A', 'quantity': 2, 'price...</msg>
<status status="PASS" starttime="20251120 01:08:56.304" endtime="20251120 01:08:56.320"/>
</kw>
<kw name="Update Value To Json" library="JSONLibrary">
<var>${body}</var>
<arg>${body}</arg>
<arg>$.order.shipping_address.street</arg>
<arg>${street}</arg>
<doc>Update value to JSON using JSONPath</doc>
<msg timestamp="20251120 01:08:56.336" level="INFO">${body} = {'order': {'order_id': '123456', 'total_price': 335, 'status': 'Open', 'customer': {'name': 'Test User QA', 'email': 'test_user_qa@robot.com'}, 'items': [{'product': 'Product A', 'quantity': 2, 'price...</msg>
<status status="PASS" starttime="20251120 01:08:56.320" endtime="20251120 01:08:56.336"/>
</kw>
<kw name="Update Value To Json" library="JSONLibrary">
<var>${body}</var>
<arg>${body}</arg>
<arg>$.order.shipping_address.city</arg>
<arg>${city}</arg>
<doc>Update value to JSON using JSONPath</doc>
<msg timestamp="20251120 01:08:56.350" level="INFO">${body} = {'order': {'order_id': '123456', 'total_price': 335, 'status': 'Open', 'customer': {'name': 'Test User QA', 'email': 'test_user_qa@robot.com'}, 'items': [{'product': 'Product A', 'quantity': 2, 'price...</msg>
<status status="PASS" starttime="20251120 01:08:56.336" endtime="20251120 01:08:56.350"/>
</kw>
<kw name="Update Value To Json" library="JSONLibrary">
<var>${body}</var>
<arg>${body}</arg>
<arg>$.order.shipping_address.zipcode</arg>
<arg>${zipcode}</arg>
<doc>Update value to JSON using JSONPath</doc>
<msg timestamp="20251120 01:08:56.365" level="INFO">${body} = {'order': {'order_id': '123456', 'total_price': 335, 'status': 'Open', 'customer': {'name': 'Test User QA', 'email': 'test_user_qa@robot.com'}, 'items': [{'product': 'Product A', 'quantity': 2, 'price...</msg>
<status status="PASS" starttime="20251120 01:08:56.350" endtime="20251120 01:08:56.365"/>
</kw>
<msg timestamp="20251120 01:08:56.365" level="INFO">${body} = {'order': {'order_id': '123456', 'total_price': 335, 'status': 'Open', 'customer': {'name': 'Test User QA', 'email': 'test_user_qa@robot.com'}, 'items': [{'product': 'Product A', 'quantity': 2, 'price...</msg>
<status status="PASS" starttime="20251120 01:08:56.224" endtime="20251120 01:08:56.365"/>
</kw>
<kw name="Set Test Variable" library="BuiltIn">
<arg>${body}</arg>
<doc>Makes a variable available everywhere within the scope of the current test.</doc>
<msg timestamp="20251120 01:08:56.366" level="INFO">${body} = {'order': {'order_id': '123456', 'total_price': 335, 'status': 'Open', 'customer': {'name': 'Test User QA', 'email': 'test_user_qa@robot.com'}, 'items': [{'product': 'Product A', 'quantity': 2, 'price...</msg>
<status status="PASS" starttime="20251120 01:08:56.366" endtime="20251120 01:08:56.366"/>
</kw>
<kw name="Create Orders Session" library="order_session">
<var>${alias}</var>
<kw name="Set Variable" library="BuiltIn">
<var>${alias}</var>
<arg>orders</arg>
<doc>Returns the given values which can then be assigned to a variables.</doc>
<msg timestamp="20251120 01:08:56.366" level="INFO">${alias} = orders</msg>
<status status="PASS" starttime="20251120 01:08:56.366" endtime="20251120 01:08:56.366"/>
</kw>
<kw name="Create Dictionary" library="BuiltIn">
<var>${headers}</var>
<arg>user_id=user_1</arg>
<doc>Creates and returns a dictionary based on the given ``items``.</doc>
<msg timestamp="20251120 01:08:56.366" level="INFO">${headers} = {'user_id': 'user_1'}</msg>
<status status="PASS" starttime="20251120 01:08:56.366" endtime="20251120 01:08:56.366"/>
</kw>
<kw name="Create Dictionary" library="BuiltIn">
<var>${cookies}</var>
<arg>_id=1234</arg>
<doc>Creates and returns a dictionary based on the given ``items``.</doc>
<msg timestamp="20251120 01:08:56.367" level="INFO">${cookies} = {'_id': '1234'}</msg>
<status status="PASS" starttime="20251120 01:08:56.366" endtime="20251120 01:08:56.367"/>
</kw>
<kw name="Create List" library="BuiltIn">
<var>${auth}</var>
<arg>${user_data.${env}.user_email}</arg>
<arg>${user_data.${env}.password}</arg>
<doc>Returns a list containing given items.</doc>
<msg timestamp="20251120 01:08:56.367" level="INFO">${auth} = ['test_user_qa@robot.com', 'psw123qa']</msg>
<status status="PASS" starttime="20251120 01:08:56.367" endtime="20251120 01:08:56.367"/>
</kw>
<kw name="Create Session" library="RequestsLibrary">
<arg>alias=${alias}</arg>
<arg>url=${url.${env}}</arg>
<arg>disable_warnings=${True}</arg>
<arg>headers=${headers}</arg>
<arg>cookies=${cookies}</arg>
<arg>auth=${auth}</arg>
<doc>Create Session: create a HTTP session to a server</doc>
<msg timestamp="20251120 01:08:56.368" level="INFO">Creating Session using : alias=orders, url=https://jsonplaceholder.typicode.com, headers={'user_id': 'user_1'},                     cookies={'_id': '1234'}, auth=&lt;requests.auth.HTTPBasicAuth object at 0x00000226158728B0&gt;, timeout=None, proxies=None, verify=False,                     debug=0 </msg>
<status status="PASS" starttime="20251120 01:08:56.367" endtime="20251120 01:08:56.368"/>
</kw>
<msg timestamp="20251120 01:08:56.368" level="INFO">${alias} = orders</msg>
<status status="PASS" starttime="20251120 01:08:56.366" endtime="20251120 01:08:56.368"/>
</kw>
<kw name="POST On Session" library="RequestsLibrary">
<var>${response}</var>
<arg>alias=${alias}</arg>
<arg>url=/posts</arg>
<arg>json=${body}</arg>
<arg>expected_status=${status_code}</arg>
<arg>msg=Erro ao criar pedido de venda</arg>
<doc>Sends a POST request on a previously created HTTP Session.</doc>
<msg timestamp="20251120 01:08:56.593" level="INFO">POST Request : url=https://jsonplaceholder.typicode.com/posts 
 path_url=/posts 
 headers={'User-Agent': 'python-requests/2.32.5', 'Accept-Encoding': 'gzip, deflate, zstd', 'Accept': '*/*', 'Connection': 'keep-alive', 'user_id': 'user_1', 'Cookie': '_id=1234', 'Content-Length': '412', 'Content-Type': 'application/json', 'Authorization': 'Basic dGVzdF91c2VyX3FhQHJvYm90LmNvbTpwc3cxMjNxYQ=='} 
 body=b'{"order": {"order_id": "123456", "total_price": 335, "status": "Open", "customer": {"name": "Test User QA", "email": "test_user_qa@robot.com"}, "items": [{"product": "Product A", "quantity": 2, "price": 25}, {"product": "Product B", "quantity": 3, "price": 35}, {"product": "Product C", "quantity": 4, "price": 45}], "shipping_address": {"street": "Dawson Mission", "city": "New Sarahstad", "zipcode": "42993"}}}' 
 </msg>
<msg timestamp="20251120 01:08:56.593" level="INFO">POST Response : url=https://jsonplaceholder.typicode.com/posts 
 status=201, reason=Created 
 headers={'Date': 'Thu, 20 Nov 2025 04:08:56 GMT', 'Content-Type': 'application/json; charset=utf-8', 'Content-Length': '619', 'Connection': 'keep-alive', 'access-control-allow-credentials': 'true', 'access-control-expose-headers': 'Location', 'Cache-Control': 'no-cache', 'etag': 'W/"26b-KICEDu1O3Q7cgk+n8G/Shij/bzQ"', 'expires': '-1', 'location': 'https://jsonplaceholder.typicode.com/posts/101', 'nel': '{"report_to":"heroku-nel","response_headers":["Via"],"max_age":3600,"success_fraction":0.01,"failure_fraction":0.1}', 'pragma': 'no-cache', 'report-to': '{"group":"heroku-nel","endpoints":[{"url":"https://nel.heroku.com/reports?s=lhRHEoiM%2Fs5h%2F19leZjlTziNzQoKuLoFJbeY%2BXYn8mo%3D\\u0026sid=e11707d5-02a7-43ef-b45e-2cf4d2036f7d\\u0026ts=1763611736"}],"max_age":3600}', 'reporting-endpoints': 'heroku-nel="https://nel.heroku.com/reports?s=lhRHEoiM%2Fs5h%2F19leZjlTziNzQoKuLoFJbeY%2BXYn8mo%3D&amp;sid=e11707d5-02a7-43ef-b45e-2cf4d2036f7d&amp;ts=1763611736"', 'Server': 'cloudflare', 'vary': 'Origin, X-HTTP-Method-Override, Accept-Encoding', 'via': '2.0 heroku-router', 'x-content-type-options': 'nosniff', 'x-powered-by': 'Express', 'x-ratelimit-limit': '1000', 'x-ratelimit-remaining': '996', 'x-ratelimit-reset': '1763611745', 'cf-cache-status': 'DYNAMIC', 'CF-RAY': '9a1516c9bf0c00cd-FOR', 'alt-svc': 'h3=":443"; ma=86400'} 
 body={
  "order": {
    "order_id": "123456",
    "total_price": 335,
    "status": "Open",
    "customer": {
      "name": "Test User QA",
      "email": "test_user_qa@robot.com"
    },
    "items": [
      {
        "product": "Product A",
        "quantity": 2,
        "price": 25
      },
      {
        "product": "Product B",
        "quantity": 3,
        "price": 35
      },
      {
        "product": "Product C",
        "quantity": 4,
        "price": 45
      }
    ],
    "shipping_address": {
      "street": "Dawson Mission",
      "city": "New Sarahstad",
      "zipcode": "42993"
    }
  },
  "id": 101
} 
 </msg>
<msg timestamp="20251120 01:08:56.593" level="INFO">${response} = &lt;Response [201]&gt;</msg>
<status status="PASS" starttime="20251120 01:08:56.368" endtime="20251120 01:08:56.593"/>
</kw>
<msg timestamp="20251120 01:08:56.593" level="INFO">${response} = &lt;Response [201]&gt;</msg>
<status status="PASS" starttime="20251120 01:08:56.068" endtime="20251120 01:08:56.593"/>
</kw>
<kw name="Assert Post Orders" library="post_order">
<arg>response=${response}</arg>
<arg>products=@{product}</arg>
<kw name="Should Be Equal As Strings" library="BuiltIn">
<arg>${response.json()["order"]["order_id"]}</arg>
<arg>${body["order"]["order_id"]}</arg>
<doc>Fails if objects are unequal after converting them to strings.</doc>
<status status="PASS" starttime="20251120 01:08:56.594" endtime="20251120 01:08:56.595"/>
</kw>
<kw name="Should Be Equal As Numbers" library="BuiltIn">
<arg>${response.json()["order"]["total_price"]}</arg>
<arg>${body["order"]["total_price"]}</arg>
<doc>Fails if objects are unequal after converting them to real numbers.</doc>
<status status="PASS" starttime="20251120 01:08:56.595" endtime="20251120 01:08:56.595"/>
</kw>
<kw name="Should Be Equal As Strings" library="BuiltIn">
<arg>${response.json()["order"]["status"]}</arg>
<arg>${body["order"]["status"]}</arg>
<doc>Fails if objects are unequal after converting them to strings.</doc>
<status status="PASS" starttime="20251120 01:08:56.595" endtime="20251120 01:08:56.596"/>
</kw>
<kw name="Should Be Equal As Strings" library="BuiltIn">
<arg>${response.json()["order"]["customer"]["name"]}</arg>
<arg>${body["order"]["customer"]["name"]}</arg>
<doc>Fails if objects are unequal after converting them to strings.</doc>
<status status="PASS" starttime="20251120 01:08:56.596" endtime="20251120 01:08:56.597"/>
</kw>
<kw name="Should Be Equal As Strings" library="BuiltIn">
<arg>${response.json()["order"]["customer"]["email"]}</arg>
<arg>${body["order"]["customer"]["email"]}</arg>
<doc>Fails if objects are unequal after converting them to strings.</doc>
<status status="PASS" starttime="20251120 01:08:56.597" endtime="20251120 01:08:56.597"/>
</kw>
<for flavor="IN">
<var>${product}</var>
<value>@{products}</value>
<iter>
<var name="${product}">Product A</var>
<kw name="Get Value From Json" library="JSONLibrary">
<var>${body_items}</var>
<arg>${body}</arg>
<arg>$.order.items[?(@.product=="${product}")]</arg>
<doc>Get Value From JSON using JSONPath</doc>
<msg timestamp="20251120 01:08:56.613" level="INFO">${body_items} = [{'product': 'Product A', 'quantity': 2, 'price': 25}]</msg>
<status status="PASS" starttime="20251120 01:08:56.597" endtime="20251120 01:08:56.613"/>
</kw>
<kw name="Get Value From Json" library="JSONLibrary">
<var>${response_items}</var>
<arg>${response.json()}</arg>
<arg>$.order.items[?(@.product=="${product}")]</arg>
<doc>Get Value From JSON using JSONPath</doc>
<msg timestamp="20251120 01:08:56.634" level="INFO">${response_items} = [{'product': 'Product A', 'quantity': 2, 'price': 25}]</msg>
<status status="PASS" starttime="20251120 01:08:56.613" endtime="20251120 01:08:56.634"/>
</kw>
<kw name="Should Be Equal As Strings" library="BuiltIn">
<arg>${response_items[0]["product"]}</arg>
<arg>${body_items[0]["product"]}</arg>
<doc>Fails if objects are unequal after converting them to strings.</doc>
<status status="PASS" starttime="20251120 01:08:56.634" endtime="20251120 01:08:56.634"/>
</kw>
<kw name="Should Be Equal As Strings" library="BuiltIn">
<arg>${response_items[0]["quantity"]}</arg>
<arg>${body_items[0]["quantity"]}</arg>
<doc>Fails if objects are unequal after converting them to strings.</doc>
<status status="PASS" starttime="20251120 01:08:56.634" endtime="20251120 01:08:56.635"/>
</kw>
<kw name="Should Be Equal As Strings" library="BuiltIn">
<arg>${response_items[0]["price"]}</arg>
<arg>${body_items[0]["price"]}</arg>
<doc>Fails if objects are unequal after converting them to strings.</doc>
<status status="PASS" starttime="20251120 01:08:56.635" endtime="20251120 01:08:56.636"/>
</kw>
<status status="PASS" starttime="20251120 01:08:56.597" endtime="20251120 01:08:56.636"/>
</iter>
<iter>
<var name="${product}">Product B</var>
<kw name="Get Value From Json" library="JSONLibrary">
<var>${body_items}</var>
<arg>${body}</arg>
<arg>$.order.items[?(@.product=="${product}")]</arg>
<doc>Get Value From JSON using JSONPath</doc>
<msg timestamp="20251120 01:08:56.653" level="INFO">${body_items} = [{'product': 'Product B', 'quantity': 3, 'price': 35}]</msg>
<status status="PASS" starttime="20251120 01:08:56.636" endtime="20251120 01:08:56.653"/>
</kw>
<kw name="Get Value From Json" library="JSONLibrary">
<var>${response_items}</var>
<arg>${response.json()}</arg>
<arg>$.order.items[?(@.product=="${product}")]</arg>
<doc>Get Value From JSON using JSONPath</doc>
<msg timestamp="20251120 01:08:56.671" level="INFO">${response_items} = [{'product': 'Product B', 'quantity': 3, 'price': 35}]</msg>
<status status="PASS" starttime="20251120 01:08:56.653" endtime="20251120 01:08:56.671"/>
</kw>
<kw name="Should Be Equal As Strings" library="BuiltIn">
<arg>${response_items[0]["product"]}</arg>
<arg>${body_items[0]["product"]}</arg>
<doc>Fails if objects are unequal after converting them to strings.</doc>
<status status="PASS" starttime="20251120 01:08:56.671" endtime="20251120 01:08:56.672"/>
</kw>
<kw name="Should Be Equal As Strings" library="BuiltIn">
<arg>${response_items[0]["quantity"]}</arg>
<arg>${body_items[0]["quantity"]}</arg>
<doc>Fails if objects are unequal after converting them to strings.</doc>
<status status="PASS" starttime="20251120 01:08:56.672" endtime="20251120 01:08:56.672"/>
</kw>
<kw name="Should Be Equal As Strings" library="BuiltIn">
<arg>${response_items[0]["price"]}</arg>
<arg>${body_items[0]["price"]}</arg>
<doc>Fails if objects are unequal after converting them to strings.</doc>
<status status="PASS" starttime="20251120 01:08:56.673" endtime="20251120 01:08:56.674"/>
</kw>
<status status="PASS" starttime="20251120 01:08:56.636" endtime="20251120 01:08:56.674"/>
</iter>
<iter>
<var name="${product}">Product C</var>
<kw name="Get Value From Json" library="JSONLibrary">
<var>${body_items}</var>
<arg>${body}</arg>
<arg>$.order.items[?(@.product=="${product}")]</arg>
<doc>Get Value From JSON using JSONPath</doc>
<msg timestamp="20251120 01:08:56.690" level="INFO">${body_items} = [{'product': 'Product C', 'quantity': 4, 'price': 45}]</msg>
<status status="PASS" starttime="20251120 01:08:56.674" endtime="20251120 01:08:56.690"/>
</kw>
<kw name="Get Value From Json" library="JSONLibrary">
<var>${response_items}</var>
<arg>${response.json()}</arg>
<arg>$.order.items[?(@.product=="${product}")]</arg>
<doc>Get Value From JSON using JSONPath</doc>
<msg timestamp="20251120 01:08:56.707" level="INFO">${response_items} = [{'product': 'Product C', 'quantity': 4, 'price': 45}]</msg>
<status status="PASS" starttime="20251120 01:08:56.690" endtime="20251120 01:08:56.707"/>
</kw>
<kw name="Should Be Equal As Strings" library="BuiltIn">
<arg>${response_items[0]["product"]}</arg>
<arg>${body_items[0]["product"]}</arg>
<doc>Fails if objects are unequal after converting them to strings.</doc>
<status status="PASS" starttime="20251120 01:08:56.707" endtime="20251120 01:08:56.708"/>
</kw>
<kw name="Should Be Equal As Strings" library="BuiltIn">
<arg>${response_items[0]["quantity"]}</arg>
<arg>${body_items[0]["quantity"]}</arg>
<doc>Fails if objects are unequal after converting them to strings.</doc>
<status status="PASS" starttime="20251120 01:08:56.708" endtime="20251120 01:08:56.709"/>
</kw>
<kw name="Should Be Equal As Strings" library="BuiltIn">
<arg>${response_items[0]["price"]}</arg>
<arg>${body_items[0]["price"]}</arg>
<doc>Fails if objects are unequal after converting them to strings.</doc>
<status status="PASS" starttime="20251120 01:08:56.709" endtime="20251120 01:08:56.710"/>
</kw>
<status status="PASS" starttime="20251120 01:08:56.674" endtime="20251120 01:08:56.710"/>
</iter>
<status status="PASS" starttime="20251120 01:08:56.597" endtime="20251120 01:08:56.710"/>
</for>
<kw name="Should Be Equal As Strings" library="BuiltIn">
<arg>${response.json()["order"]["shipping_address"]["street"]}</arg>
<arg>${body["order"]["shipping_address"]["street"]}</arg>
<doc>Fails if objects are unequal after converting them to strings.</doc>
<status status="PASS" starttime="20251120 01:08:56.710" endtime="20251120 01:08:56.711"/>
</kw>
<kw name="Should Be Equal As Strings" library="BuiltIn">
<arg>${response.json()["order"]["shipping_address"]["city"]}</arg>
<arg>${body["order"]["shipping_address"]["city"]}</arg>
<doc>Fails if objects are unequal after converting them to strings.</doc>
<status status="PASS" starttime="20251120 01:08:56.711" endtime="20251120 01:08:56.711"/>
</kw>
<kw name="Should Be Equal As Strings" library="BuiltIn">
<arg>${response.json()["order"]["shipping_address"]["zipcode"]}</arg>
<arg>${body["order"]["shipping_address"]["zipcode"]}</arg>
<doc>Fails if objects are unequal after converting them to strings.</doc>
<status status="PASS" starttime="20251120 01:08:56.711" endtime="20251120 01:08:56.712"/>
</kw>
<status status="PASS" starttime="20251120 01:08:56.594" endtime="20251120 01:08:56.712"/>
</kw>
<tag>order</tag>
<status status="PASS" starttime="20251120 01:08:56.066" endtime="20251120 01:08:56.713"/>
</test>
<status status="PASS" starttime="20251120 01:08:54.673" endtime="20251120 01:08:56.714"/>
</suite>
<status status="PASS" starttime="20251120 01:08:52.948" endtime="20251120 01:08:56.716"/>
</suite>
<status status="PASS" starttime="20251120 01:08:52.902" endtime="20251120 01:08:56.718"/>
</suite>
<statistics>
<total>
<stat pass="5" fail="0" skip="0">All Tests</stat>
</total>
<tag>
<stat pass="2" fail="0" skip="0">get</stat>
<stat pass="3" fail="0" skip="0">order</stat>
</tag>
<suite>
<stat pass="5" fail="0" skip="0" id="s1" name="Robot Api Test">Robot Api Test</stat>
<stat pass="5" fail="0" skip="0" id="s1-s1" name="Test">Robot Api Test.Test</stat>
<stat pass="2" fail="0" skip="0" id="s1-s1-s1" name="BuscarPedidoVenda">Robot Api Test.Test.BuscarPedidoVenda</stat>
<stat pass="3" fail="0" skip="0" id="s1-s1-s2" name="CriarPedidoVenda">Robot Api Test.Test.CriarPedidoVenda</stat>
</suite>
</statistics>
<errors>
</errors>
</robot>
